<?xml version="1.0"?>
<!DOCTYPE coverage SYSTEM "http://cobertura.sourceforge.net/xml/coverage-04.dtd">

<coverage line-rate="0.6902472527472527" branch-rate="0.5701492537313433" lines-covered="1005" lines-valid="1456" branches-covered="191" branches-valid="335" complexity="1.3831775700934579" version="2.0.3" timestamp="1474910177834">
	<sources>
		<source>--source</source>
		<source>C:/Users/Pedro/Documents/gerenciador-pampatec/code/GerenciadorPampatec/src/main/java</source>
	</sources>
	<packages>
		<package name="com.ideiah.gerenciadorpampatec.dao" line-rate="0.0" branch-rate="0.0" complexity="1.3833333333333333">
			<classes>
				<class name="com.ideiah.gerenciadorpampatec.dao.AlteracaoCamposDao" filename="com/ideiah/gerenciadorpampatec/dao/AlteracaoCamposDao.java" line-rate="0.0" branch-rate="1.0" complexity="0.0">
					<methods>
						<method name="&lt;init&gt;" signature="()V" line-rate="0.0" branch-rate="1.0">
							<lines>
								<line number="8" hits="0" branch="false"/>
							</lines>
						</method>
					</methods>
					<lines>
						<line number="8" hits="0" branch="false"/>
					</lines>
				</class>
				<class name="com.ideiah.gerenciadorpampatec.dao.ComentarioDao" filename="com/ideiah/gerenciadorpampatec/dao/ComentarioDao.java" line-rate="0.0" branch-rate="1.0" complexity="1.2857142857142858">
					<methods>
						<method name="&lt;init&gt;" signature="()V" line-rate="0.0" branch-rate="1.0">
							<lines>
								<line number="20" hits="0" branch="false"/>
								<line number="21" hits="0" branch="false"/>
							</lines>
						</method>
						<method name="buscar" signature="(I)Lcom/ideiah/gerenciadorpampatec/model/ComentarioProjeto;" line-rate="0.0" branch-rate="1.0">
							<lines>
								<line number="77" hits="0" branch="false"/>
							</lines>
						</method>
						<method name="buscarPorStatus" signature="(I)Lcom/ideiah/gerenciadorpampatec/model/ComentarioProjeto;" line-rate="0.0" branch-rate="1.0">
							<lines>
								<line number="87" hits="0" branch="false"/>
							</lines>
						</method>
						<method name="salvarAlteracaoCampos" signature="(Lcom/ideiah/gerenciadorpampatec/model/AlteracaoCampos;)Lcom/ideiah/gerenciadorpampatec/model/AlteracaoCampos;" line-rate="0.0" branch-rate="1.0">
							<lines>
								<line number="48" hits="0" branch="false"/>
							</lines>
						</method>
						<method name="salvarComentarioProjeto" signature="(Lcom/ideiah/gerenciadorpampatec/model/ComentarioProjeto;)Lcom/ideiah/gerenciadorpampatec/model/ComentarioProjeto;" line-rate="0.0" branch-rate="1.0">
							<lines>
								<line number="30" hits="0" branch="false"/>
							</lines>
						</method>
						<method name="salvarRetornandoComentarioProjeto" signature="(Lcom/ideiah/gerenciadorpampatec/model/ComentarioProjeto;)Lcom/ideiah/gerenciadorpampatec/model/ComentarioProjeto;" line-rate="0.0" branch-rate="1.0">
							<lines>
								<line number="53" hits="0" branch="false"/>
								<line number="54" hits="0" branch="false"/>
								<line number="55" hits="0" branch="false"/>
								<line number="56" hits="0" branch="false"/>
								<line number="57" hits="0" branch="false"/>
								<line number="58" hits="0" branch="false"/>
								<line number="59" hits="0" branch="false"/>
								<line number="60" hits="0" branch="false"/>
								<line number="62" hits="0" branch="false"/>
							</lines>
						</method>
						<method name="salvarTextoComentario" signature="(Lcom/ideiah/gerenciadorpampatec/model/Textocomentario;)Lcom/ideiah/gerenciadorpampatec/model/Textocomentario;" line-rate="0.0" branch-rate="1.0">
							<lines>
								<line number="39" hits="0" branch="false"/>
							</lines>
						</method>
					</methods>
					<lines>
						<line number="20" hits="0" branch="false"/>
						<line number="21" hits="0" branch="false"/>
						<line number="30" hits="0" branch="false"/>
						<line number="39" hits="0" branch="false"/>
						<line number="48" hits="0" branch="false"/>
						<line number="53" hits="0" branch="false"/>
						<line number="54" hits="0" branch="false"/>
						<line number="55" hits="0" branch="false"/>
						<line number="56" hits="0" branch="false"/>
						<line number="57" hits="0" branch="false"/>
						<line number="58" hits="0" branch="false"/>
						<line number="59" hits="0" branch="false"/>
						<line number="60" hits="0" branch="false"/>
						<line number="62" hits="0" branch="false"/>
						<line number="77" hits="0" branch="false"/>
						<line number="87" hits="0" branch="false"/>
					</lines>
				</class>
				<class name="com.ideiah.gerenciadorpampatec.dao.Dao" filename="com/ideiah/gerenciadorpampatec/dao/Dao.java" line-rate="0.0" branch-rate="0.0" complexity="1.588235294117647">
					<methods>
						<method name="&lt;init&gt;" signature="()V" line-rate="0.0" branch-rate="1.0">
							<lines>
								<line number="23" hits="0" branch="false"/>
								<line number="24" hits="0" branch="false"/>
								<line number="26" hits="0" branch="false"/>
								<line number="27" hits="0" branch="false"/>
								<line number="28" hits="0" branch="false"/>
							</lines>
						</method>
						<method name="buscarObjeto" signature="(ILjava/lang/Class;)Ljava/lang/Object;" line-rate="0.0" branch-rate="1.0">
							<lines>
								<line number="108" hits="0" branch="false"/>
								<line number="109" hits="0" branch="false"/>
								<line number="110" hits="0" branch="false"/>
								<line number="111" hits="0" branch="false"/>
							</lines>
						</method>
						<method name="buscarObjetoCriteria" signature="(Ljava/lang/String;Ljava/lang/String;Ljava/lang/Class;)Ljava/lang/Object;" line-rate="0.0" branch-rate="1.0">
							<lines>
								<line number="116" hits="0" branch="false"/>
								<line number="117" hits="0" branch="false"/>
								<line number="118" hits="0" branch="false"/>
								<line number="119" hits="0" branch="false"/>
							</lines>
						</method>
						<method name="buscarObjetoCriteriaINT" signature="(Ljava/lang/String;ILjava/lang/Class;)Ljava/lang/Object;" line-rate="0.0" branch-rate="1.0">
							<lines>
								<line number="123" hits="0" branch="false"/>
								<line number="124" hits="0" branch="false"/>
								<line number="125" hits="0" branch="false"/>
								<line number="126" hits="0" branch="false"/>
							</lines>
						</method>
						<method name="buscarObjetos" signature="(Ljava/lang/Class;)Ljava/util/ArrayList;" line-rate="0.0" branch-rate="1.0">
							<lines>
								<line number="138" hits="0" branch="false"/>
								<line number="139" hits="0" branch="false"/>
							</lines>
						</method>
						<method name="buscarObjetosCritera" signature="(Ljava/lang/String;ILjava/lang/Class;)Ljava/util/ArrayList;" line-rate="0.0" branch-rate="1.0">
							<lines>
								<line number="130" hits="0" branch="false"/>
								<line number="131" hits="0" branch="false"/>
								<line number="132" hits="0" branch="false"/>
							</lines>
						</method>
						<method name="excluir" signature="(ILjava/lang/Class;)Z" line-rate="0.0" branch-rate="1.0">
							<lines>
								<line number="74" hits="0" branch="false"/>
								<line number="75" hits="0" branch="false"/>
								<line number="76" hits="0" branch="false"/>
								<line number="77" hits="0" branch="false"/>
								<line number="78" hits="0" branch="false"/>
								<line number="80" hits="0" branch="false"/>
								<line number="81" hits="0" branch="false"/>
								<line number="82" hits="0" branch="false"/>
								<line number="83" hits="0" branch="false"/>
								<line number="84" hits="0" branch="false"/>
								<line number="85" hits="0" branch="false"/>
							</lines>
						</method>
						<method name="excluir" signature="(Ljava/lang/String;Ljava/lang/Class;)Z" line-rate="0.0" branch-rate="1.0">
							<lines>
								<line number="92" hits="0" branch="false"/>
								<line number="93" hits="0" branch="false"/>
								<line number="94" hits="0" branch="false"/>
								<line number="95" hits="0" branch="false"/>
								<line number="96" hits="0" branch="false"/>
								<line number="98" hits="0" branch="false"/>
								<line number="99" hits="0" branch="false"/>
								<line number="100" hits="0" branch="false"/>
								<line number="101" hits="0" branch="false"/>
								<line number="102" hits="0" branch="false"/>
								<line number="103" hits="0" branch="false"/>
							</lines>
						</method>
						<method name="getCriteria" signature="(Ljava/lang/Class;)Lorg/hibernate/Criteria;" line-rate="0.0" branch-rate="0.0">
							<lines>
								<line number="156" hits="0" branch="false"/>
								<line number="159" hits="0" branch="false"/>
								<line number="161" hits="0" branch="false"/>
								<line number="162" hits="0" branch="true" condition-coverage="0% (0/2)">
									<conditions>
										<condition number="0" type="jump" coverage="0%"/>
									</conditions>
								</line>
								<line number="163" hits="0" branch="false"/>
								<line number="165" hits="0" branch="false"/>
								<line number="166" hits="0" branch="false"/>
								<line number="167" hits="0" branch="false"/>
							</lines>
						</method>
						<method name="getObject" signature="(Lorg/hibernate/Criteria;)Ljava/lang/Object;" line-rate="0.0" branch-rate="1.0">
							<lines>
								<line number="144" hits="0" branch="false"/>
								<line number="146" hits="0" branch="false"/>
							</lines>
						</method>
						<method name="getObjects" signature="(Lorg/hibernate/Criteria;)Ljava/util/ArrayList;" line-rate="0.0" branch-rate="1.0">
							<lines>
								<line number="150" hits="0" branch="false"/>
								<line number="151" hits="0" branch="false"/>
								<line number="152" hits="0" branch="false"/>
							</lines>
						</method>
						<method name="getSession" signature="()Lorg/hibernate/Session;" line-rate="0.0" branch-rate="1.0">
							<lines>
								<line number="188" hits="0" branch="false"/>
							</lines>
						</method>
						<method name="getTx" signature="()Lorg/hibernate/Transaction;" line-rate="0.0" branch-rate="1.0">
							<lines>
								<line number="174" hits="0" branch="false"/>
							</lines>
						</method>
						<method name="salvar" signature="(Ljava/lang/Object;)Ljava/lang/Object;" line-rate="0.0" branch-rate="1.0">
							<lines>
								<line number="38" hits="0" branch="false"/>
								<line number="40" hits="0" branch="false"/>
								<line number="41" hits="0" branch="false"/>
								<line number="42" hits="0" branch="false"/>
								<line number="43" hits="0" branch="false"/>
								<line number="44" hits="0" branch="false"/>
								<line number="45" hits="0" branch="false"/>
								<line number="46" hits="0" branch="false"/>
								<line number="47" hits="0" branch="false"/>
								<line number="48" hits="0" branch="false"/>
								<line number="49" hits="0" branch="false"/>
							</lines>
						</method>
						<method name="setSession" signature="(Lorg/hibernate/Session;)V" line-rate="0.0" branch-rate="1.0">
							<lines>
								<line number="195" hits="0" branch="false"/>
								<line number="196" hits="0" branch="false"/>
							</lines>
						</method>
						<method name="setTx" signature="(Lorg/hibernate/Transaction;)V" line-rate="0.0" branch-rate="1.0">
							<lines>
								<line number="181" hits="0" branch="false"/>
								<line number="182" hits="0" branch="false"/>
							</lines>
						</method>
						<method name="update" signature="(Ljava/lang/Object;)Ljava/lang/Object;" line-rate="0.0" branch-rate="1.0">
							<lines>
								<line number="56" hits="0" branch="false"/>
								<line number="57" hits="0" branch="false"/>
								<line number="58" hits="0" branch="false"/>
								<line number="59" hits="0" branch="false"/>
								<line number="60" hits="0" branch="false"/>
								<line number="61" hits="0" branch="false"/>
								<line number="62" hits="0" branch="false"/>
								<line number="63" hits="0" branch="false"/>
								<line number="64" hits="0" branch="false"/>
								<line number="65" hits="0" branch="false"/>
							</lines>
						</method>
					</methods>
					<lines>
						<line number="23" hits="0" branch="false"/>
						<line number="24" hits="0" branch="false"/>
						<line number="26" hits="0" branch="false"/>
						<line number="27" hits="0" branch="false"/>
						<line number="28" hits="0" branch="false"/>
						<line number="38" hits="0" branch="false"/>
						<line number="40" hits="0" branch="false"/>
						<line number="41" hits="0" branch="false"/>
						<line number="42" hits="0" branch="false"/>
						<line number="43" hits="0" branch="false"/>
						<line number="44" hits="0" branch="false"/>
						<line number="45" hits="0" branch="false"/>
						<line number="46" hits="0" branch="false"/>
						<line number="47" hits="0" branch="false"/>
						<line number="48" hits="0" branch="false"/>
						<line number="49" hits="0" branch="false"/>
						<line number="56" hits="0" branch="false"/>
						<line number="57" hits="0" branch="false"/>
						<line number="58" hits="0" branch="false"/>
						<line number="59" hits="0" branch="false"/>
						<line number="60" hits="0" branch="false"/>
						<line number="61" hits="0" branch="false"/>
						<line number="62" hits="0" branch="false"/>
						<line number="63" hits="0" branch="false"/>
						<line number="64" hits="0" branch="false"/>
						<line number="65" hits="0" branch="false"/>
						<line number="74" hits="0" branch="false"/>
						<line number="75" hits="0" branch="false"/>
						<line number="76" hits="0" branch="false"/>
						<line number="77" hits="0" branch="false"/>
						<line number="78" hits="0" branch="false"/>
						<line number="80" hits="0" branch="false"/>
						<line number="81" hits="0" branch="false"/>
						<line number="82" hits="0" branch="false"/>
						<line number="83" hits="0" branch="false"/>
						<line number="84" hits="0" branch="false"/>
						<line number="85" hits="0" branch="false"/>
						<line number="92" hits="0" branch="false"/>
						<line number="93" hits="0" branch="false"/>
						<line number="94" hits="0" branch="false"/>
						<line number="95" hits="0" branch="false"/>
						<line number="96" hits="0" branch="false"/>
						<line number="98" hits="0" branch="false"/>
						<line number="99" hits="0" branch="false"/>
						<line number="100" hits="0" branch="false"/>
						<line number="101" hits="0" branch="false"/>
						<line number="102" hits="0" branch="false"/>
						<line number="103" hits="0" branch="false"/>
						<line number="108" hits="0" branch="false"/>
						<line number="109" hits="0" branch="false"/>
						<line number="110" hits="0" branch="false"/>
						<line number="111" hits="0" branch="false"/>
						<line number="116" hits="0" branch="false"/>
						<line number="117" hits="0" branch="false"/>
						<line number="118" hits="0" branch="false"/>
						<line number="119" hits="0" branch="false"/>
						<line number="123" hits="0" branch="false"/>
						<line number="124" hits="0" branch="false"/>
						<line number="125" hits="0" branch="false"/>
						<line number="126" hits="0" branch="false"/>
						<line number="130" hits="0" branch="false"/>
						<line number="131" hits="0" branch="false"/>
						<line number="132" hits="0" branch="false"/>
						<line number="138" hits="0" branch="false"/>
						<line number="139" hits="0" branch="false"/>
						<line number="144" hits="0" branch="false"/>
						<line number="146" hits="0" branch="false"/>
						<line number="150" hits="0" branch="false"/>
						<line number="151" hits="0" branch="false"/>
						<line number="152" hits="0" branch="false"/>
						<line number="156" hits="0" branch="false"/>
						<line number="159" hits="0" branch="false"/>
						<line number="161" hits="0" branch="false"/>
						<line number="162" hits="0" branch="true" condition-coverage="0% (0/2)">
							<conditions>
								<condition number="0" type="jump" coverage="0%"/>
							</conditions>
						</line>
						<line number="163" hits="0" branch="false"/>
						<line number="165" hits="0" branch="false"/>
						<line number="166" hits="0" branch="false"/>
						<line number="167" hits="0" branch="false"/>
						<line number="174" hits="0" branch="false"/>
						<line number="181" hits="0" branch="false"/>
						<line number="182" hits="0" branch="false"/>
						<line number="188" hits="0" branch="false"/>
						<line number="195" hits="0" branch="false"/>
						<line number="196" hits="0" branch="false"/>
					</lines>
				</class>
				<class name="com.ideiah.gerenciadorpampatec.dao.EmailDao" filename="com/ideiah/gerenciadorpampatec/dao/EmailDao.java" line-rate="0.0" branch-rate="1.0" complexity="1.0">
					<methods>
						<method name="&lt;init&gt;" signature="()V" line-rate="0.0" branch-rate="1.0">
							<lines>
								<line number="18" hits="0" branch="false"/>
								<line number="19" hits="0" branch="false"/>
							</lines>
						</method>
						<method name="buscarPorId" signature="(I)Lcom/ideiah/gerenciadorpampatec/model/EmailSystemConfig;" line-rate="0.0" branch-rate="1.0">
							<lines>
								<line number="37" hits="0" branch="false"/>
							</lines>
						</method>
						<method name="buscarTodosEmailsSystema" signature="()Ljava/util/ArrayList;" line-rate="0.0" branch-rate="1.0">
							<lines>
								<line number="28" hits="0" branch="false"/>
							</lines>
						</method>
					</methods>
					<lines>
						<line number="18" hits="0" branch="false"/>
						<line number="19" hits="0" branch="false"/>
						<line number="28" hits="0" branch="false"/>
						<line number="37" hits="0" branch="false"/>
					</lines>
				</class>
				<class name="com.ideiah.gerenciadorpampatec.dao.EmpreendedorDao" filename="com/ideiah/gerenciadorpampatec/dao/EmpreendedorDao.java" line-rate="0.0" branch-rate="0.0" complexity="1.4615384615384615">
					<methods>
						<method name="&lt;init&gt;" signature="()V" line-rate="0.0" branch-rate="1.0">
							<lines>
								<line number="17" hits="0" branch="false"/>
							</lines>
						</method>
						<method name="buscaPorEmail" signature="(Ljava/lang/String;)Lcom/ideiah/gerenciadorpampatec/model/Empreendedor;" line-rate="0.0" branch-rate="1.0">
							<lines>
								<line number="44" hits="0" branch="false"/>
							</lines>
						</method>
						<method name="buscar" signature="()Ljava/util/ArrayList;" line-rate="0.0" branch-rate="1.0">
							<lines>
								<line number="31" hits="0" branch="false"/>
							</lines>
						</method>
						<method name="buscar" signature="(I)Lcom/ideiah/gerenciadorpampatec/model/Empreendedor;" line-rate="0.0" branch-rate="1.0">
							<lines>
								<line number="35" hits="0" branch="false"/>
							</lines>
						</method>
						<method name="buscarNotificacao" signature="(I)Lcom/ideiah/gerenciadorpampatec/model/Notificacao;" line-rate="0.0" branch-rate="1.0">
							<lines>
								<line number="49" hits="0" branch="false"/>
							</lines>
						</method>
						<method name="buscarPorCpf" signature="(Ljava/lang/String;)Lcom/ideiah/gerenciadorpampatec/model/Empreendedor;" line-rate="0.0" branch-rate="1.0">
							<lines>
								<line number="72" hits="0" branch="false"/>
							</lines>
						</method>
						<method name="buscarPorEmail" signature="(Ljava/lang/String;)Lcom/ideiah/gerenciadorpampatec/model/Empreendedor;" line-rate="0.0" branch-rate="1.0">
							<lines>
								<line number="84" hits="0" branch="false"/>
							</lines>
						</method>
						<method name="buscarPorIdUnico" signature="(Ljava/lang/String;)Lcom/ideiah/gerenciadorpampatec/model/Empreendedor;" line-rate="0.0" branch-rate="1.0">
							<lines>
								<line number="39" hits="0" branch="false"/>
							</lines>
						</method>
						<method name="deletar" signature="(I)Z" line-rate="0.0" branch-rate="1.0">
							<lines>
								<line number="103" hits="0" branch="false"/>
							</lines>
						</method>
						<method name="deletarNotificacao" signature="(I)Z" line-rate="0.0" branch-rate="1.0">
							<lines>
								<line number="113" hits="0" branch="false"/>
							</lines>
						</method>
						<method name="deletarPorEmail" signature="(Ljava/lang/String;)Z" line-rate="0.0" branch-rate="1.0">
							<lines>
								<line number="108" hits="0" branch="false"/>
								<line number="109" hits="0" branch="false"/>
							</lines>
						</method>
						<method name="salvar" signature="(Lcom/ideiah/gerenciadorpampatec/model/Empreendedor;)Lcom/ideiah/gerenciadorpampatec/model/Empreendedor;" line-rate="0.0" branch-rate="1.0">
							<lines>
								<line number="21" hits="0" branch="false"/>
							</lines>
						</method>
						<method name="salvarNotificacao" signature="(Lcom/ideiah/gerenciadorpampatec/model/Notificacao;)Lcom/ideiah/gerenciadorpampatec/model/Notificacao;" line-rate="0.0" branch-rate="1.0">
							<lines>
								<line number="25" hits="0" branch="false"/>
							</lines>
						</method>
						<method name="soContemNumeros" signature="(Ljava/lang/String;)Z" line-rate="0.0" branch-rate="0.0">
							<lines>
								<line number="89" hits="0" branch="true" condition-coverage="0% (0/2)">
									<conditions>
										<condition number="0" type="jump" coverage="0%"/>
									</conditions>
								</line>
								<line number="90" hits="0" branch="false"/>
								<line number="92" hits="0" branch="true" condition-coverage="0% (0/2)">
									<conditions>
										<condition number="0" type="jump" coverage="0%"/>
									</conditions>
								</line>
								<line number="93" hits="0" branch="true" condition-coverage="0% (0/4)">
									<conditions>
										<condition number="0" type="jump" coverage="0%"/>
										<condition number="1" type="jump" coverage="0%"/>
									</conditions>
								</line>
								<line number="94" hits="0" branch="false"/>
								<line number="97" hits="0" branch="false"/>
							</lines>
						</method>
					</methods>
					<lines>
						<line number="17" hits="0" branch="false"/>
						<line number="21" hits="0" branch="false"/>
						<line number="25" hits="0" branch="false"/>
						<line number="31" hits="0" branch="false"/>
						<line number="35" hits="0" branch="false"/>
						<line number="39" hits="0" branch="false"/>
						<line number="44" hits="0" branch="false"/>
						<line number="49" hits="0" branch="false"/>
						<line number="72" hits="0" branch="false"/>
						<line number="84" hits="0" branch="false"/>
						<line number="89" hits="0" branch="true" condition-coverage="0% (0/2)">
							<conditions>
								<condition number="0" type="jump" coverage="0%"/>
							</conditions>
						</line>
						<line number="90" hits="0" branch="false"/>
						<line number="92" hits="0" branch="true" condition-coverage="0% (0/2)">
							<conditions>
								<condition number="0" type="jump" coverage="0%"/>
							</conditions>
						</line>
						<line number="93" hits="0" branch="true" condition-coverage="0% (0/4)">
							<conditions>
								<condition number="0" type="jump" coverage="0%"/>
								<condition number="1" type="jump" coverage="0%"/>
							</conditions>
						</line>
						<line number="94" hits="0" branch="false"/>
						<line number="97" hits="0" branch="false"/>
						<line number="103" hits="0" branch="false"/>
						<line number="108" hits="0" branch="false"/>
						<line number="109" hits="0" branch="false"/>
						<line number="113" hits="0" branch="false"/>
					</lines>
				</class>
				<class name="com.ideiah.gerenciadorpampatec.dao.EmpreendedorEmailDao" filename="com/ideiah/gerenciadorpampatec/dao/EmpreendedorEmailDao.java" line-rate="0.0" branch-rate="1.0" complexity="1.0">
					<methods>
						<method name="&lt;init&gt;" signature="()V" line-rate="0.0" branch-rate="1.0">
							<lines>
								<line number="16" hits="0" branch="false"/>
							</lines>
						</method>
						<method name="buscar" signature="()Ljava/util/ArrayList;" line-rate="0.0" branch-rate="1.0">
							<lines>
								<line number="26" hits="0" branch="false"/>
							</lines>
						</method>
						<method name="buscar" signature="(I)Lcom/ideiah/gerenciadorpampatec/model/EmpreendedorEmail;" line-rate="0.0" branch-rate="1.0">
							<lines>
								<line number="30" hits="0" branch="false"/>
							</lines>
						</method>
						<method name="buscarEmpreendedorPorId" signature="(Lcom/ideiah/gerenciadorpampatec/model/EmpreendedorEmail;)Lcom/ideiah/gerenciadorpampatec/model/Empreendedor;" line-rate="0.0" branch-rate="1.0">
							<lines>
								<line number="44" hits="0" branch="false"/>
							</lines>
						</method>
						<method name="buscarPorIdUnico" signature="(Ljava/lang/String;)Lcom/ideiah/gerenciadorpampatec/model/EmpreendedorEmail;" line-rate="0.0" branch-rate="1.0">
							<lines>
								<line number="34" hits="0" branch="false"/>
							</lines>
						</method>
						<method name="deletar" signature="(I)Z" line-rate="0.0" branch-rate="1.0">
							<lines>
								<line number="50" hits="0" branch="false"/>
							</lines>
						</method>
						<method name="deletarPorIdUnico" signature="(Ljava/lang/String;)Z" line-rate="0.0" branch-rate="1.0">
							<lines>
								<line number="54" hits="0" branch="false"/>
							</lines>
						</method>
						<method name="salvar" signature="(Lcom/ideiah/gerenciadorpampatec/model/EmpreendedorEmail;)Lcom/ideiah/gerenciadorpampatec/model/EmpreendedorEmail;" line-rate="0.0" branch-rate="1.0">
							<lines>
								<line number="20" hits="0" branch="false"/>
							</lines>
						</method>
					</methods>
					<lines>
						<line number="16" hits="0" branch="false"/>
						<line number="20" hits="0" branch="false"/>
						<line number="26" hits="0" branch="false"/>
						<line number="30" hits="0" branch="false"/>
						<line number="34" hits="0" branch="false"/>
						<line number="44" hits="0" branch="false"/>
						<line number="50" hits="0" branch="false"/>
						<line number="54" hits="0" branch="false"/>
					</lines>
				</class>
				<class name="com.ideiah.gerenciadorpampatec.dao.GerenteDao" filename="com/ideiah/gerenciadorpampatec/dao/GerenteDao.java" line-rate="0.0" branch-rate="1.0" complexity="1.0">
					<methods>
						<method name="&lt;init&gt;" signature="()V" line-rate="0.0" branch-rate="1.0">
							<lines>
								<line number="15" hits="0" branch="false"/>
							</lines>
						</method>
						<method name="buscaPorEmail" signature="(Ljava/lang/String;)Lcom/ideiah/gerenciadorpampatec/model/GerenteRelacionamento;" line-rate="0.0" branch-rate="1.0">
							<lines>
								<line number="23" hits="0" branch="false"/>
							</lines>
						</method>
						<method name="buscarPorCpf" signature="(Ljava/lang/String;)Lcom/ideiah/gerenciadorpampatec/model/GerenteRelacionamento;" line-rate="0.0" branch-rate="1.0">
							<lines>
								<line number="31" hits="0" branch="false"/>
							</lines>
						</method>
						<method name="buscarTodosGerente" signature="()Ljava/util/ArrayList;" line-rate="0.0" branch-rate="1.0">
							<lines>
								<line number="40" hits="0" branch="false"/>
							</lines>
						</method>
					</methods>
					<lines>
						<line number="15" hits="0" branch="false"/>
						<line number="23" hits="0" branch="false"/>
						<line number="31" hits="0" branch="false"/>
						<line number="40" hits="0" branch="false"/>
					</lines>
				</class>
				<class name="com.ideiah.gerenciadorpampatec.dao.HibernateUtil" filename="com/ideiah/gerenciadorpampatec/dao/HibernateUtil.java" line-rate="0.0" branch-rate="1.0" complexity="1.0">
					<methods>
						<method name="&lt;clinit&gt;" signature="()V" line-rate="0.0" branch-rate="1.0">
							<lines>
								<line number="26" hits="0" branch="false"/>
								<line number="27" hits="0" branch="false"/>
								<line number="28" hits="0" branch="false"/>
								<line number="29" hits="0" branch="false"/>
								<line number="30" hits="0" branch="false"/>
								<line number="32" hits="0" branch="false"/>
								<line number="33" hits="0" branch="false"/>
								<line number="34" hits="0" branch="false"/>
								<line number="35" hits="0" branch="false"/>
							</lines>
						</method>
						<method name="&lt;init&gt;" signature="()V" line-rate="0.0" branch-rate="1.0">
							<lines>
								<line number="18" hits="0" branch="false"/>
							</lines>
						</method>
						<method name="getSessionFactory" signature="()Lorg/hibernate/SessionFactory;" line-rate="0.0" branch-rate="1.0">
							<lines>
								<line number="38" hits="0" branch="false"/>
							</lines>
						</method>
					</methods>
					<lines>
						<line number="18" hits="0" branch="false"/>
						<line number="26" hits="0" branch="false"/>
						<line number="27" hits="0" branch="false"/>
						<line number="28" hits="0" branch="false"/>
						<line number="29" hits="0" branch="false"/>
						<line number="30" hits="0" branch="false"/>
						<line number="32" hits="0" branch="false"/>
						<line number="33" hits="0" branch="false"/>
						<line number="34" hits="0" branch="false"/>
						<line number="35" hits="0" branch="false"/>
						<line number="38" hits="0" branch="false"/>
					</lines>
				</class>
				<class name="com.ideiah.gerenciadorpampatec.dao.ProjetoDao" filename="com/ideiah/gerenciadorpampatec/dao/ProjetoDao.java" line-rate="0.0" branch-rate="0.0" complexity="1.5555555555555556">
					<methods>
						<method name="&lt;init&gt;" signature="()V" line-rate="0.0" branch-rate="1.0">
							<lines>
								<line number="21" hits="0" branch="false"/>
								<line number="23" hits="0" branch="false"/>
							</lines>
						</method>
						<method name="buscar" signature="()Ljava/util/ArrayList;" line-rate="0.0" branch-rate="1.0">
							<lines>
								<line number="52" hits="0" branch="false"/>
							</lines>
						</method>
						<method name="buscar" signature="(I)Lcom/ideiah/gerenciadorpampatec/model/Projeto;" line-rate="0.0" branch-rate="1.0">
							<lines>
								<line number="56" hits="0" branch="false"/>
							</lines>
						</method>
						<method name="buscarListaProjetoPorStatus" signature="(I)Ljava/util/ArrayList;" line-rate="0.0" branch-rate="1.0">
							<lines>
								<line number="61" hits="0" branch="false"/>
								<line number="63" hits="0" branch="false"/>
								<line number="65" hits="0" branch="false"/>
							</lines>
						</method>
						<method name="deletar" signature="(I)Z" line-rate="0.0" branch-rate="1.0">
							<lines>
								<line number="83" hits="0" branch="false"/>
							</lines>
						</method>
						<method name="salvar" signature="(Lcom/ideiah/gerenciadorpampatec/model/Projeto;)Lcom/ideiah/gerenciadorpampatec/model/Projeto;" line-rate="0.0" branch-rate="1.0">
							<lines>
								<line number="28" hits="0" branch="false"/>
							</lines>
						</method>
						<method name="salvarRetornandoProjeto" signature="(Lcom/ideiah/gerenciadorpampatec/model/Projeto;)Lcom/ideiah/gerenciadorpampatec/model/Projeto;" line-rate="0.0" branch-rate="1.0">
							<lines>
								<line number="33" hits="0" branch="false"/>
								<line number="34" hits="0" branch="false"/>
								<line number="35" hits="0" branch="false"/>
								<line number="36" hits="0" branch="false"/>
								<line number="37" hits="0" branch="false"/>
								<line number="38" hits="0" branch="false"/>
								<line number="39" hits="0" branch="false"/>
								<line number="40" hits="0" branch="false"/>
								<line number="42" hits="0" branch="false"/>
							</lines>
						</method>
						<method name="update" signature="(Lcom/ideiah/gerenciadorpampatec/model/Projeto;)Lcom/ideiah/gerenciadorpampatec/model/Projeto;" line-rate="0.0" branch-rate="1.0">
							<lines>
								<line number="46" hits="0" branch="false"/>
							</lines>
						</method>
						<method name="verificaEmpreendedor" signature="(Lcom/ideiah/gerenciadorpampatec/model/Empreendedor;Lcom/ideiah/gerenciadorpampatec/model/Projeto;)Z" line-rate="0.0" branch-rate="0.0">
							<lines>
								<line number="71" hits="0" branch="true" condition-coverage="0% (0/2)">
									<conditions>
										<condition number="0" type="jump" coverage="0%"/>
									</conditions>
								</line>
								<line number="72" hits="0" branch="false"/>
								<line number="73" hits="0" branch="true" condition-coverage="0% (0/2)">
									<conditions>
										<condition number="0" type="jump" coverage="0%"/>
									</conditions>
								</line>
								<line number="74" hits="0" branch="false"/>
								<line number="77" hits="0" branch="false"/>
							</lines>
						</method>
					</methods>
					<lines>
						<line number="21" hits="0" branch="false"/>
						<line number="23" hits="0" branch="false"/>
						<line number="28" hits="0" branch="false"/>
						<line number="33" hits="0" branch="false"/>
						<line number="34" hits="0" branch="false"/>
						<line number="35" hits="0" branch="false"/>
						<line number="36" hits="0" branch="false"/>
						<line number="37" hits="0" branch="false"/>
						<line number="38" hits="0" branch="false"/>
						<line number="39" hits="0" branch="false"/>
						<line number="40" hits="0" branch="false"/>
						<line number="42" hits="0" branch="false"/>
						<line number="46" hits="0" branch="false"/>
						<line number="52" hits="0" branch="false"/>
						<line number="56" hits="0" branch="false"/>
						<line number="61" hits="0" branch="false"/>
						<line number="63" hits="0" branch="false"/>
						<line number="65" hits="0" branch="false"/>
						<line number="71" hits="0" branch="true" condition-coverage="0% (0/2)">
							<conditions>
								<condition number="0" type="jump" coverage="0%"/>
							</conditions>
						</line>
						<line number="72" hits="0" branch="false"/>
						<line number="73" hits="0" branch="true" condition-coverage="0% (0/2)">
							<conditions>
								<condition number="0" type="jump" coverage="0%"/>
							</conditions>
						</line>
						<line number="74" hits="0" branch="false"/>
						<line number="77" hits="0" branch="false"/>
						<line number="83" hits="0" branch="false"/>
					</lines>
				</class>
			</classes>
		</package>
		<package name="com.ideiah.gerenciadorpampatec.model" line-rate="0.8045375218150087" branch-rate="0.6476683937823834" complexity="1.2426966292134831">
			<classes>
				<class name="com.ideiah.gerenciadorpampatec.model.AlteracaoCampos" filename="com/ideiah/gerenciadorpampatec/model/AlteracaoCampos.java" line-rate="0.36666666666666664" branch-rate="0.0" complexity="1.1666666666666667">
					<methods>
						<method name="&lt;init&gt;" signature="()V" line-rate="1.0" branch-rate="1.0">
							<lines>
								<line number="51" hits="5037" branch="false"/>
								<line number="52" hits="5037" branch="false"/>
								<line number="53" hits="5037" branch="false"/>
								<line number="54" hits="5037" branch="false"/>
								<line number="55" hits="5037" branch="false"/>
							</lines>
						</method>
						<method name="getDataAlteracaoFormatada" signature="()Ljava/lang/String;" line-rate="0.0" branch-rate="0.0">
							<lines>
								<line number="68" hits="0" branch="false"/>
								<line number="69" hits="0" branch="false"/>
								<line number="72" hits="0" branch="true" condition-coverage="0% (0/2)">
									<conditions>
										<condition number="0" type="jump" coverage="0%"/>
									</conditions>
								</line>
								<line number="74" hits="0" branch="false"/>
								<line number="75" hits="0" branch="false"/>
								<line number="77" hits="0" branch="false"/>
								<line number="78" hits="0" branch="false"/>
								<line number="80" hits="0" branch="false"/>
								<line number="82" hits="0" branch="false"/>
								<line number="85" hits="0" branch="false"/>
							</lines>
						</method>
						<method name="getData_alteracao" signature="()Ljava/util/Date;" line-rate="0.0" branch-rate="1.0">
							<lines>
								<line number="98" hits="0" branch="false"/>
							</lines>
						</method>
						<method name="getEmpreendedor" signature="()Lcom/ideiah/gerenciadorpampatec/model/Empreendedor;" line-rate="0.0" branch-rate="1.0">
							<lines>
								<line number="122" hits="0" branch="false"/>
							</lines>
						</method>
						<method name="getIdalteracao_dos_campos" signature="()Ljava/lang/Integer;" line-rate="0.0" branch-rate="1.0">
							<lines>
								<line number="114" hits="0" branch="false"/>
							</lines>
						</method>
						<method name="getTexto" signature="()Ljava/lang/String;" line-rate="0.0" branch-rate="1.0">
							<lines>
								<line number="90" hits="0" branch="false"/>
							</lines>
						</method>
						<method name="getTipo" signature="()Ljava/lang/Integer;" line-rate="0.0" branch-rate="1.0">
							<lines>
								<line number="106" hits="0" branch="false"/>
							</lines>
						</method>
						<method name="setData_alteracao" signature="(Ljava/util/Date;)V" line-rate="1.0" branch-rate="1.0">
							<lines>
								<line number="102" hits="5037" branch="false"/>
								<line number="103" hits="5037" branch="false"/>
							</lines>
						</method>
						<method name="setEmpreendedor" signature="(Lcom/ideiah/gerenciadorpampatec/model/Empreendedor;)V" line-rate="0.0" branch-rate="1.0">
							<lines>
								<line number="126" hits="0" branch="false"/>
								<line number="127" hits="0" branch="false"/>
							</lines>
						</method>
						<method name="setIdalteracao_dos_campos" signature="(Ljava/lang/Integer;)V" line-rate="0.0" branch-rate="1.0">
							<lines>
								<line number="118" hits="0" branch="false"/>
								<line number="119" hits="0" branch="false"/>
							</lines>
						</method>
						<method name="setTexto" signature="(Ljava/lang/String;)V" line-rate="1.0" branch-rate="1.0">
							<lines>
								<line number="94" hits="5037" branch="false"/>
								<line number="95" hits="5037" branch="false"/>
							</lines>
						</method>
						<method name="setTipo" signature="(Ljava/lang/Integer;)V" line-rate="1.0" branch-rate="1.0">
							<lines>
								<line number="110" hits="5037" branch="false"/>
								<line number="111" hits="5037" branch="false"/>
							</lines>
						</method>
					</methods>
					<lines>
						<line number="51" hits="5037" branch="false"/>
						<line number="52" hits="5037" branch="false"/>
						<line number="53" hits="5037" branch="false"/>
						<line number="54" hits="5037" branch="false"/>
						<line number="55" hits="5037" branch="false"/>
						<line number="68" hits="0" branch="false"/>
						<line number="69" hits="0" branch="false"/>
						<line number="72" hits="0" branch="true" condition-coverage="0% (0/2)">
							<conditions>
								<condition number="0" type="jump" coverage="0%"/>
							</conditions>
						</line>
						<line number="74" hits="0" branch="false"/>
						<line number="75" hits="0" branch="false"/>
						<line number="77" hits="0" branch="false"/>
						<line number="78" hits="0" branch="false"/>
						<line number="80" hits="0" branch="false"/>
						<line number="82" hits="0" branch="false"/>
						<line number="85" hits="0" branch="false"/>
						<line number="90" hits="0" branch="false"/>
						<line number="94" hits="5037" branch="false"/>
						<line number="95" hits="5037" branch="false"/>
						<line number="98" hits="0" branch="false"/>
						<line number="102" hits="5037" branch="false"/>
						<line number="103" hits="5037" branch="false"/>
						<line number="106" hits="0" branch="false"/>
						<line number="110" hits="5037" branch="false"/>
						<line number="111" hits="5037" branch="false"/>
						<line number="114" hits="0" branch="false"/>
						<line number="118" hits="0" branch="false"/>
						<line number="119" hits="0" branch="false"/>
						<line number="122" hits="0" branch="false"/>
						<line number="126" hits="0" branch="false"/>
						<line number="127" hits="0" branch="false"/>
					</lines>
				</class>
				<class name="com.ideiah.gerenciadorpampatec.model.Analiseemprego" filename="com/ideiah/gerenciadorpampatec/model/Analiseemprego.java" line-rate="1.0" branch-rate="1.0" complexity="1.0">
					<methods>
						<method name="&lt;init&gt;" signature="()V" line-rate="1.0" branch-rate="1.0">
							<lines>
								<line number="20" hits="18" branch="false"/>
								<line number="21" hits="18" branch="false"/>
							</lines>
						</method>
						<method name="&lt;init&gt;" signature="(I)V" line-rate="1.0" branch-rate="1.0">
							<lines>
								<line number="23" hits="1" branch="false"/>
								<line number="24" hits="1" branch="false"/>
								<line number="25" hits="1" branch="false"/>
							</lines>
						</method>
						<method name="&lt;init&gt;" signature="(ILjava/lang/String;Ljava/lang/String;Ljava/lang/String;Ljava/lang/String;Ljava/lang/String;Ljava/util/Set;)V" line-rate="1.0" branch-rate="1.0">
							<lines>
								<line number="18" hits="20" branch="false"/>
								<line number="27" hits="1" branch="false"/>
								<line number="28" hits="1" branch="false"/>
								<line number="29" hits="1" branch="false"/>
								<line number="30" hits="1" branch="false"/>
								<line number="31" hits="1" branch="false"/>
								<line number="32" hits="1" branch="false"/>
								<line number="33" hits="1" branch="false"/>
								<line number="34" hits="1" branch="false"/>
								<line number="35" hits="1" branch="false"/>
							</lines>
						</method>
						<method name="getCanais" signature="()Ljava/lang/String;" line-rate="1.0" branch-rate="1.0">
							<lines>
								<line number="62" hits="2" branch="false"/>
							</lines>
						</method>
						<method name="getConcorrentes" signature="()Ljava/lang/String;" line-rate="1.0" branch-rate="1.0">
							<lines>
								<line number="78" hits="2" branch="false"/>
							</lines>
						</method>
						<method name="getIdAnaliseEmprego" signature="()I" line-rate="1.0" branch-rate="1.0">
							<lines>
								<line number="38" hits="3" branch="false"/>
							</lines>
						</method>
						<method name="getParceriasChaves" signature="()Ljava/lang/String;" line-rate="1.0" branch-rate="1.0">
							<lines>
								<line number="54" hits="2" branch="false"/>
							</lines>
						</method>
						<method name="getProjetos" signature="()Ljava/util/Set;" line-rate="1.0" branch-rate="1.0">
							<lines>
								<line number="86" hits="2" branch="false"/>
							</lines>
						</method>
						<method name="getRecursosPrincipais" signature="()Ljava/lang/String;" line-rate="1.0" branch-rate="1.0">
							<lines>
								<line number="70" hits="2" branch="false"/>
							</lines>
						</method>
						<method name="getRelacoesClientes" signature="()Ljava/lang/String;" line-rate="1.0" branch-rate="1.0">
							<lines>
								<line number="46" hits="2" branch="false"/>
							</lines>
						</method>
						<method name="setCanais" signature="(Ljava/lang/String;)V" line-rate="1.0" branch-rate="1.0">
							<lines>
								<line number="66" hits="2" branch="false"/>
								<line number="67" hits="2" branch="false"/>
							</lines>
						</method>
						<method name="setConcorrentes" signature="(Ljava/lang/String;)V" line-rate="1.0" branch-rate="1.0">
							<lines>
								<line number="82" hits="2" branch="false"/>
								<line number="83" hits="2" branch="false"/>
							</lines>
						</method>
						<method name="setIdAnaliseEmprego" signature="(I)V" line-rate="1.0" branch-rate="1.0">
							<lines>
								<line number="42" hits="1" branch="false"/>
								<line number="43" hits="1" branch="false"/>
							</lines>
						</method>
						<method name="setParceriasChaves" signature="(Ljava/lang/String;)V" line-rate="1.0" branch-rate="1.0">
							<lines>
								<line number="58" hits="2" branch="false"/>
								<line number="59" hits="2" branch="false"/>
							</lines>
						</method>
						<method name="setProjetos" signature="(Ljava/util/Set;)V" line-rate="1.0" branch-rate="1.0">
							<lines>
								<line number="90" hits="2" branch="false"/>
								<line number="91" hits="2" branch="false"/>
							</lines>
						</method>
						<method name="setRecursosPrincipais" signature="(Ljava/lang/String;)V" line-rate="1.0" branch-rate="1.0">
							<lines>
								<line number="74" hits="2" branch="false"/>
								<line number="75" hits="2" branch="false"/>
							</lines>
						</method>
						<method name="setRelacoesClientes" signature="(Ljava/lang/String;)V" line-rate="1.0" branch-rate="1.0">
							<lines>
								<line number="50" hits="2" branch="false"/>
								<line number="51" hits="2" branch="false"/>
							</lines>
						</method>
					</methods>
					<lines>
						<line number="18" hits="20" branch="false"/>
						<line number="20" hits="18" branch="false"/>
						<line number="21" hits="18" branch="false"/>
						<line number="23" hits="1" branch="false"/>
						<line number="24" hits="1" branch="false"/>
						<line number="25" hits="1" branch="false"/>
						<line number="27" hits="1" branch="false"/>
						<line number="28" hits="1" branch="false"/>
						<line number="29" hits="1" branch="false"/>
						<line number="30" hits="1" branch="false"/>
						<line number="31" hits="1" branch="false"/>
						<line number="32" hits="1" branch="false"/>
						<line number="33" hits="1" branch="false"/>
						<line number="34" hits="1" branch="false"/>
						<line number="35" hits="1" branch="false"/>
						<line number="38" hits="3" branch="false"/>
						<line number="42" hits="1" branch="false"/>
						<line number="43" hits="1" branch="false"/>
						<line number="46" hits="2" branch="false"/>
						<line number="50" hits="2" branch="false"/>
						<line number="51" hits="2" branch="false"/>
						<line number="54" hits="2" branch="false"/>
						<line number="58" hits="2" branch="false"/>
						<line number="59" hits="2" branch="false"/>
						<line number="62" hits="2" branch="false"/>
						<line number="66" hits="2" branch="false"/>
						<line number="67" hits="2" branch="false"/>
						<line number="70" hits="2" branch="false"/>
						<line number="74" hits="2" branch="false"/>
						<line number="75" hits="2" branch="false"/>
						<line number="78" hits="2" branch="false"/>
						<line number="82" hits="2" branch="false"/>
						<line number="83" hits="2" branch="false"/>
						<line number="86" hits="2" branch="false"/>
						<line number="90" hits="2" branch="false"/>
						<line number="91" hits="2" branch="false"/>
					</lines>
				</class>
				<class name="com.ideiah.gerenciadorpampatec.model.ComentarioProjeto" filename="com/ideiah/gerenciadorpampatec/model/ComentarioProjeto.java" line-rate="0.6877729257641921" branch-rate="0.5862068965517241" complexity="1.2929936305732483">
					<methods>
						<method name="&lt;init&gt;" signature="()V" line-rate="1.0" branch-rate="1.0">
							<lines>
								<line number="82" hits="219" branch="false"/>
								<line number="83" hits="219" branch="false"/>
								<line number="84" hits="219" branch="false"/>
								<line number="85" hits="219" branch="false"/>
								<line number="86" hits="219" branch="false"/>
								<line number="87" hits="219" branch="false"/>
								<line number="88" hits="219" branch="false"/>
								<line number="89" hits="219" branch="false"/>
								<line number="90" hits="219" branch="false"/>
								<line number="91" hits="219" branch="false"/>
							</lines>
						</method>
						<method name="&lt;init&gt;" signature="(I)V" line-rate="1.0" branch-rate="1.0">
							<lines>
								<line number="93" hits="1" branch="false"/>
								<line number="94" hits="1" branch="false"/>
								<line number="95" hits="1" branch="false"/>
								<line number="96" hits="1" branch="false"/>
								<line number="97" hits="1" branch="false"/>
							</lines>
						</method>
						<method name="&lt;init&gt;" signature="(ILjava/lang/String;Ljava/lang/String;Ljava/lang/String;Ljava/lang/String;)V" line-rate="1.0" branch-rate="1.0">
							<lines>
								<line number="32" hits="221" branch="false"/>
								<line number="57" hits="221" branch="false"/>
								<line number="99" hits="1" branch="false"/>
								<line number="100" hits="1" branch="false"/>
								<line number="101" hits="1" branch="false"/>
								<line number="102" hits="1" branch="false"/>
								<line number="103" hits="1" branch="false"/>
								<line number="104" hits="1" branch="false"/>
								<line number="105" hits="1" branch="false"/>
								<line number="106" hits="1" branch="false"/>
								<line number="107" hits="1" branch="false"/>
							</lines>
						</method>
						<method name="adicionaListaAlteracaoCampos" signature="()V" line-rate="1.0" branch-rate="1.0">
							<lines>
								<line number="396" hits="219" branch="false"/>
								<line number="397" hits="219" branch="false"/>
								<line number="398" hits="219" branch="false"/>
								<line number="399" hits="219" branch="false"/>
								<line number="400" hits="219" branch="false"/>
								<line number="401" hits="219" branch="false"/>
								<line number="402" hits="219" branch="false"/>
								<line number="403" hits="219" branch="false"/>
								<line number="404" hits="219" branch="false"/>
								<line number="405" hits="219" branch="false"/>
								<line number="406" hits="219" branch="false"/>
								<line number="407" hits="219" branch="false"/>
								<line number="408" hits="219" branch="false"/>
								<line number="409" hits="219" branch="false"/>
								<line number="410" hits="219" branch="false"/>
								<line number="411" hits="219" branch="false"/>
								<line number="412" hits="219" branch="false"/>
								<line number="413" hits="219" branch="false"/>
								<line number="414" hits="219" branch="false"/>
								<line number="415" hits="219" branch="false"/>
								<line number="416" hits="219" branch="false"/>
								<line number="417" hits="219" branch="false"/>
								<line number="418" hits="219" branch="false"/>
								<line number="420" hits="219" branch="false"/>
							</lines>
						</method>
						<method name="adicionaListaComentario" signature="()V" line-rate="1.0" branch-rate="1.0">
							<lines>
								<line number="365" hits="219" branch="false"/>
								<line number="366" hits="219" branch="false"/>
								<line number="367" hits="219" branch="false"/>
								<line number="368" hits="219" branch="false"/>
								<line number="369" hits="219" branch="false"/>
								<line number="370" hits="219" branch="false"/>
								<line number="371" hits="219" branch="false"/>
								<line number="372" hits="219" branch="false"/>
								<line number="373" hits="219" branch="false"/>
								<line number="374" hits="219" branch="false"/>
								<line number="375" hits="219" branch="false"/>
								<line number="376" hits="219" branch="false"/>
								<line number="377" hits="219" branch="false"/>
								<line number="378" hits="219" branch="false"/>
								<line number="379" hits="219" branch="false"/>
								<line number="380" hits="219" branch="false"/>
								<line number="381" hits="219" branch="false"/>
								<line number="382" hits="219" branch="false"/>
								<line number="383" hits="219" branch="false"/>
								<line number="384" hits="219" branch="false"/>
								<line number="385" hits="219" branch="false"/>
								<line number="386" hits="219" branch="false"/>
								<line number="387" hits="219" branch="false"/>
								<line number="389" hits="219" branch="false"/>
							</lines>
						</method>
						<method name="atualizaTodosOsTextoComentario" signature="(Lcom/ideiah/gerenciadorpampatec/model/GerenteRelacionamento;)V" line-rate="1.0" branch-rate="1.0">
							<lines>
								<line number="429" hits="1" branch="false"/>
								<line number="430" hits="1" branch="false"/>
								<line number="431" hits="1" branch="false"/>
								<line number="432" hits="1" branch="false"/>
								<line number="433" hits="1" branch="false"/>
								<line number="434" hits="1" branch="false"/>
								<line number="435" hits="1" branch="false"/>
								<line number="436" hits="1" branch="false"/>
								<line number="437" hits="1" branch="false"/>
								<line number="438" hits="1" branch="false"/>
								<line number="439" hits="1" branch="false"/>
								<line number="440" hits="1" branch="false"/>
								<line number="441" hits="1" branch="false"/>
								<line number="442" hits="1" branch="false"/>
								<line number="443" hits="1" branch="false"/>
								<line number="444" hits="1" branch="false"/>
								<line number="445" hits="1" branch="false"/>
								<line number="446" hits="1" branch="false"/>
								<line number="447" hits="1" branch="false"/>
								<line number="448" hits="1" branch="false"/>
								<line number="449" hits="1" branch="false"/>
								<line number="450" hits="1" branch="false"/>
								<line number="451" hits="1" branch="false"/>
								<line number="452" hits="1" branch="false"/>
							</lines>
						</method>
						<method name="atualizarTextoAlteracao" signature="(Lcom/ideiah/gerenciadorpampatec/model/AlteracaoCampos;Ljava/lang/String;Lcom/ideiah/gerenciadorpampatec/model/Empreendedor;)V" line-rate="0.0" branch-rate="0.0">
							<lines>
								<line number="487" hits="0" branch="true" condition-coverage="0% (0/2)">
									<conditions>
										<condition number="0" type="jump" coverage="0%"/>
									</conditions>
								</line>
								<line number="489" hits="0" branch="true" condition-coverage="0% (0/2)">
									<conditions>
										<condition number="0" type="jump" coverage="0%"/>
									</conditions>
								</line>
								<line number="490" hits="0" branch="true" condition-coverage="0% (0/2)">
									<conditions>
										<condition number="0" type="jump" coverage="0%"/>
									</conditions>
								</line>
								<line number="492" hits="0" branch="false"/>
								<line number="494" hits="0" branch="false"/>
								<line number="495" hits="0" branch="false"/>
								<line number="496" hits="0" branch="false"/>
								<line number="498" hits="0" branch="false"/>
								<line number="500" hits="0" branch="false"/>
								<line number="502" hits="0" branch="false"/>
							</lines>
						</method>
						<method name="atualizarTextoComentario" signature="(Lcom/ideiah/gerenciadorpampatec/model/GerenteRelacionamento;Lcom/ideiah/gerenciadorpampatec/model/Textocomentario;)V" line-rate="0.4" branch-rate="0.75">
							<lines>
								<line number="463" hits="24" branch="true" condition-coverage="100% (2/2)">
									<conditions>
										<condition number="0" type="jump" coverage="100%"/>
									</conditions>
								</line>
								<line number="464" hits="552" branch="true" condition-coverage="50% (1/2)">
									<conditions>
										<condition number="0" type="jump" coverage="50%"/>
									</conditions>
								</line>
								<line number="465" hits="0" branch="false"/>
								<line number="467" hits="0" branch="false"/>
								<line number="468" hits="0" branch="false"/>
								<line number="469" hits="0" branch="false"/>
								<line number="470" hits="0" branch="false"/>
								<line number="471" hits="0" branch="false"/>
								<line number="473" hits="552" branch="false"/>
								<line number="474" hits="24" branch="false"/>
							</lines>
						</method>
						<method name="criaAlteracaoCampos" signature="(I)Lcom/ideiah/gerenciadorpampatec/model/AlteracaoCampos;" line-rate="1.0" branch-rate="1.0">
							<lines>
								<line number="354" hits="5037" branch="false"/>
								<line number="355" hits="5037" branch="false"/>
								<line number="356" hits="5037" branch="false"/>
								<line number="357" hits="5037" branch="false"/>
							</lines>
						</method>
						<method name="criaTextoComentario" signature="(I)Lcom/ideiah/gerenciadorpampatec/model/Textocomentario;" line-rate="1.0" branch-rate="1.0">
							<lines>
								<line number="339" hits="5037" branch="false"/>
								<line number="340" hits="5037" branch="false"/>
								<line number="341" hits="5037" branch="false"/>
								<line number="343" hits="5037" branch="false"/>
							</lines>
						</method>
						<method name="getAlteracaocampos" signature="()Ljava/util/Set;" line-rate="0.0" branch-rate="1.0">
							<lines>
								<line number="977" hits="0" branch="false"/>
							</lines>
						</method>
						<method name="getAplicacoes" signature="()Lcom/ideiah/gerenciadorpampatec/model/Textocomentario;" line-rate="1.0" branch-rate="1.0">
							<lines>
								<line number="810" hits="1" branch="false"/>
							</lines>
						</method>
						<method name="getAplicacoes_alteracao" signature="()Lcom/ideiah/gerenciadorpampatec/model/AlteracaoCampos;" line-rate="0.0" branch-rate="1.0">
							<lines>
								<line number="1073" hits="0" branch="false"/>
							</lines>
						</method>
						<method name="getAtividadeChave" signature="()Lcom/ideiah/gerenciadorpampatec/model/Textocomentario;" line-rate="1.0" branch-rate="1.0">
							<lines>
								<line number="683" hits="1" branch="false"/>
							</lines>
						</method>
						<method name="getAtividadeChave_alteracao" signature="()Lcom/ideiah/gerenciadorpampatec/model/AlteracaoCampos;" line-rate="0.0" branch-rate="1.0">
							<lines>
								<line number="1001" hits="0" branch="false"/>
							</lines>
						</method>
						<method name="getCanais" signature="()Lcom/ideiah/gerenciadorpampatec/model/Textocomentario;" line-rate="1.0" branch-rate="1.0">
							<lines>
								<line number="725" hits="1" branch="false"/>
							</lines>
						</method>
						<method name="getCanais_alteracao" signature="()Lcom/ideiah/gerenciadorpampatec/model/AlteracaoCampos;" line-rate="0.0" branch-rate="1.0">
							<lines>
								<line number="1025" hits="0" branch="false"/>
							</lines>
						</method>
						<method name="getConcorrentes" signature="()Lcom/ideiah/gerenciadorpampatec/model/Textocomentario;" line-rate="1.0" branch-rate="1.0">
							<lines>
								<line number="753" hits="1" branch="false"/>
							</lines>
						</method>
						<method name="getConcorrentes_alteracao" signature="()Lcom/ideiah/gerenciadorpampatec/model/AlteracaoCampos;" line-rate="0.0" branch-rate="1.0">
							<lines>
								<line number="1041" hits="0" branch="false"/>
							</lines>
						</method>
						<method name="getConsideracoes" signature="()Ljava/lang/String;" line-rate="1.0" branch-rate="1.0">
							<lines>
								<line number="593" hits="2" branch="false"/>
							</lines>
						</method>
						<method name="getConsideracoesPersonalizadas" signature="()Ljava/lang/String;" line-rate="1.0" branch-rate="1.0">
							<lines>
								<line number="639" hits="2" branch="false"/>
							</lines>
						</method>
						<method name="getCustoFixo" signature="()Lcom/ideiah/gerenciadorpampatec/model/Textocomentario;" line-rate="1.0" branch-rate="1.0">
							<lines>
								<line number="952" hits="1" branch="false"/>
							</lines>
						</method>
						<method name="getCustoFixo_alteracao" signature="()Lcom/ideiah/gerenciadorpampatec/model/AlteracaoCampos;" line-rate="0.0" branch-rate="1.0">
							<lines>
								<line number="1153" hits="0" branch="false"/>
							</lines>
						</method>
						<method name="getCustoVariavel" signature="()Lcom/ideiah/gerenciadorpampatec/model/Textocomentario;" line-rate="1.0" branch-rate="1.0">
							<lines>
								<line number="966" hits="1" branch="false"/>
							</lines>
						</method>
						<method name="getCustoVariavel_alteracao" signature="()Lcom/ideiah/gerenciadorpampatec/model/AlteracaoCampos;" line-rate="0.0" branch-rate="1.0">
							<lines>
								<line number="1161" hits="0" branch="false"/>
							</lines>
						</method>
						<method name="getDificuldadesEsperadas" signature="()Lcom/ideiah/gerenciadorpampatec/model/Textocomentario;" line-rate="1.0" branch-rate="1.0">
							<lines>
								<line number="824" hits="1" branch="false"/>
							</lines>
						</method>
						<method name="getDificuldadesEsperadas_alteracao" signature="()Lcom/ideiah/gerenciadorpampatec/model/AlteracaoCampos;" line-rate="0.0" branch-rate="1.0">
							<lines>
								<line number="1081" hits="0" branch="false"/>
							</lines>
						</method>
						<method name="getEstagioEvolucao" signature="()Lcom/ideiah/gerenciadorpampatec/model/Textocomentario;" line-rate="1.0" branch-rate="1.0">
							<lines>
								<line number="767" hits="1" branch="false"/>
							</lines>
						</method>
						<method name="getEstagioEvolucao_alteracao" signature="()Lcom/ideiah/gerenciadorpampatec/model/AlteracaoCampos;" line-rate="0.0" branch-rate="1.0">
							<lines>
								<line number="1049" hits="0" branch="false"/>
							</lines>
						</method>
						<method name="getEstruturaCusto" signature="()Lcom/ideiah/gerenciadorpampatec/model/Textocomentario;" line-rate="1.0" branch-rate="1.0">
							<lines>
								<line number="924" hits="1" branch="false"/>
							</lines>
						</method>
						<method name="getEstruturaCusto_alteracao" signature="()Lcom/ideiah/gerenciadorpampatec/model/AlteracaoCampos;" line-rate="0.0" branch-rate="1.0">
							<lines>
								<line number="1137" hits="0" branch="false"/>
							</lines>
						</method>
						<method name="getFontesReceita" signature="()Lcom/ideiah/gerenciadorpampatec/model/Textocomentario;" line-rate="1.0" branch-rate="1.0">
							<lines>
								<line number="910" hits="1" branch="false"/>
							</lines>
						</method>
						<method name="getFontesReceita_alteracao" signature="()Lcom/ideiah/gerenciadorpampatec/model/AlteracaoCampos;" line-rate="0.0" branch-rate="1.0">
							<lines>
								<line number="1129" hits="0" branch="false"/>
							</lines>
						</method>
						<method name="getIdcomentario" signature="()Ljava/lang/Integer;" line-rate="1.0" branch-rate="1.0">
							<lines>
								<line number="561" hits="1" branch="false"/>
							</lines>
						</method>
						<method name="getInfraestrutura" signature="()Lcom/ideiah/gerenciadorpampatec/model/Textocomentario;" line-rate="1.0" branch-rate="1.0">
							<lines>
								<line number="868" hits="1" branch="false"/>
							</lines>
						</method>
						<method name="getInfraestrutura_alteracao" signature="()Lcom/ideiah/gerenciadorpampatec/model/AlteracaoCampos;" line-rate="0.0" branch-rate="1.0">
							<lines>
								<line number="1105" hits="0" branch="false"/>
							</lines>
						</method>
						<method name="getInteracaoEmpresaComunidadeGoverno" signature="()Lcom/ideiah/gerenciadorpampatec/model/Textocomentario;" line-rate="1.0" branch-rate="1.0">
							<lines>
								<line number="853" hits="1" branch="false"/>
							</lines>
						</method>
						<method name="getInteracaoEmpresaComunidadeGoverno_alteracao" signature="()Lcom/ideiah/gerenciadorpampatec/model/AlteracaoCampos;" line-rate="0.0" branch-rate="1.0">
							<lines>
								<line number="1097" hits="0" branch="false"/>
							</lines>
						</method>
						<method name="getInteracaoEmpresaUniversidade" signature="()Lcom/ideiah/gerenciadorpampatec/model/Textocomentario;" line-rate="1.0" branch-rate="1.0">
							<lines>
								<line number="838" hits="1" branch="false"/>
							</lines>
						</method>
						<method name="getInteracaoEmpresaUniversidade_alteracao" signature="()Lcom/ideiah/gerenciadorpampatec/model/AlteracaoCampos;" line-rate="0.0" branch-rate="1.0">
							<lines>
								<line number="1089" hits="0" branch="false"/>
							</lines>
						</method>
						<method name="getInvestimentoInicial" signature="()Lcom/ideiah/gerenciadorpampatec/model/Textocomentario;" line-rate="1.0" branch-rate="1.0">
							<lines>
								<line number="938" hits="1" branch="false"/>
							</lines>
						</method>
						<method name="getInvestimentoInicial_alteracao" signature="()Lcom/ideiah/gerenciadorpampatec/model/AlteracaoCampos;" line-rate="0.0" branch-rate="1.0">
							<lines>
								<line number="1145" hits="0" branch="false"/>
							</lines>
						</method>
						<method name="getNome" signature="()Ljava/lang/String;" line-rate="1.0" branch-rate="1.0">
							<lines>
								<line number="569" hits="1" branch="false"/>
							</lines>
						</method>
						<method name="getParceriasChave" signature="()Lcom/ideiah/gerenciadorpampatec/model/Textocomentario;" line-rate="1.0" branch-rate="1.0">
							<lines>
								<line number="711" hits="1" branch="false"/>
							</lines>
						</method>
						<method name="getParceriasChave_alteracao" signature="()Lcom/ideiah/gerenciadorpampatec/model/AlteracaoCampos;" line-rate="0.0" branch-rate="1.0">
							<lines>
								<line number="1017" hits="0" branch="false"/>
							</lines>
						</method>
						<method name="getParticipacaoAcionaria" signature="()Lcom/ideiah/gerenciadorpampatec/model/Textocomentario;" line-rate="1.0" branch-rate="1.0">
							<lines>
								<line number="882" hits="1" branch="false"/>
							</lines>
						</method>
						<method name="getParticipacaoAcionaria_alteracao" signature="()Lcom/ideiah/gerenciadorpampatec/model/AlteracaoCampos;" line-rate="0.0" branch-rate="1.0">
							<lines>
								<line number="1113" hits="0" branch="false"/>
							</lines>
						</method>
						<method name="getParticipacaoacionaria" signature="()Ljava/lang/String;" line-rate="1.0" branch-rate="1.0">
							<lines>
								<line number="577" hits="1" branch="false"/>
							</lines>
						</method>
						<method name="getPotencialEmprego" signature="()Lcom/ideiah/gerenciadorpampatec/model/Textocomentario;" line-rate="1.0" branch-rate="1.0">
							<lines>
								<line number="896" hits="1" branch="false"/>
							</lines>
						</method>
						<method name="getPotencialEmprego_alteracao" signature="()Lcom/ideiah/gerenciadorpampatec/model/AlteracaoCampos;" line-rate="0.0" branch-rate="1.0">
							<lines>
								<line number="1121" hits="0" branch="false"/>
							</lines>
						</method>
						<method name="getPotencialInovacaoTecnologica" signature="()Lcom/ideiah/gerenciadorpampatec/model/Textocomentario;" line-rate="1.0" branch-rate="1.0">
							<lines>
								<line number="795" hits="1" branch="false"/>
							</lines>
						</method>
						<method name="getPotencialInovacaoTecnologica_alteracao" signature="()Lcom/ideiah/gerenciadorpampatec/model/AlteracaoCampos;" line-rate="0.0" branch-rate="1.0">
							<lines>
								<line number="1065" hits="0" branch="false"/>
							</lines>
						</method>
						<method name="getPotencialemprego" signature="()Ljava/lang/String;" line-rate="1.0" branch-rate="1.0">
							<lines>
								<line number="585" hits="1" branch="false"/>
							</lines>
						</method>
						<method name="getProjeto" signature="()Lcom/ideiah/gerenciadorpampatec/model/Projeto;" line-rate="1.0" branch-rate="1.0">
							<lines>
								<line number="604" hits="1" branch="false"/>
							</lines>
						</method>
						<method name="getPropostaValor" signature="()Lcom/ideiah/gerenciadorpampatec/model/Textocomentario;" line-rate="1.0" branch-rate="1.0">
							<lines>
								<line number="669" hits="1" branch="false"/>
							</lines>
						</method>
						<method name="getPropostaValor_alteracao" signature="()Lcom/ideiah/gerenciadorpampatec/model/AlteracaoCampos;" line-rate="0.0" branch-rate="1.0">
							<lines>
								<line number="993" hits="0" branch="false"/>
							</lines>
						</method>
						<method name="getRecursosPrincipais" signature="()Lcom/ideiah/gerenciadorpampatec/model/Textocomentario;" line-rate="1.0" branch-rate="1.0">
							<lines>
								<line number="739" hits="1" branch="false"/>
							</lines>
						</method>
						<method name="getRecursosPrincipais_alteracao" signature="()Lcom/ideiah/gerenciadorpampatec/model/AlteracaoCampos;" line-rate="0.0" branch-rate="1.0">
							<lines>
								<line number="1033" hits="0" branch="false"/>
							</lines>
						</method>
						<method name="getRelacionamentoCliente" signature="()Lcom/ideiah/gerenciadorpampatec/model/Textocomentario;" line-rate="1.0" branch-rate="1.0">
							<lines>
								<line number="697" hits="1" branch="false"/>
							</lines>
						</method>
						<method name="getRelacionamentoCliente_alteracao" signature="()Lcom/ideiah/gerenciadorpampatec/model/AlteracaoCampos;" line-rate="0.0" branch-rate="1.0">
							<lines>
								<line number="1009" hits="0" branch="false"/>
							</lines>
						</method>
						<method name="getSegmentosClientes" signature="()Lcom/ideiah/gerenciadorpampatec/model/Textocomentario;" line-rate="1.0" branch-rate="1.0">
							<lines>
								<line number="653" hits="1" branch="false"/>
							</lines>
						</method>
						<method name="getSegmentosClientes_alteracao" signature="()Lcom/ideiah/gerenciadorpampatec/model/AlteracaoCampos;" line-rate="0.0" branch-rate="1.0">
							<lines>
								<line number="985" hits="0" branch="false"/>
							</lines>
						</method>
						<method name="getStatus" signature="()Ljava/lang/Integer;" line-rate="1.0" branch-rate="1.0">
							<lines>
								<line number="615" hits="3" branch="false"/>
							</lines>
						</method>
						<method name="getStatusString" signature="(I)Ljava/lang/String;" line-rate="0.5" branch-rate="0.3333333333333333">
							<lines>
								<line number="623" hits="1" branch="false"/>
								<line number="624" hits="1" branch="true" condition-coverage="33% (1/3)">
									<conditions>
										<condition number="0" type="switch" coverage="33%"/>
									</conditions>
								</line>
								<line number="626" hits="0" branch="false"/>
								<line number="627" hits="0" branch="false"/>
								<line number="629" hits="0" branch="false"/>
								<line number="632" hits="1" branch="false"/>
							</lines>
						</method>
						<method name="getTecnologiaProcessos" signature="()Lcom/ideiah/gerenciadorpampatec/model/Textocomentario;" line-rate="1.0" branch-rate="1.0">
							<lines>
								<line number="781" hits="1" branch="false"/>
							</lines>
						</method>
						<method name="getTecnologiaProcessos_alteracao" signature="()Lcom/ideiah/gerenciadorpampatec/model/AlteracaoCampos;" line-rate="0.0" branch-rate="1.0">
							<lines>
								<line number="1057" hits="0" branch="false"/>
							</lines>
						</method>
						<method name="getTextocomentarios" signature="()Ljava/util/Set;" line-rate="1.0" branch-rate="1.0">
							<lines>
								<line number="1342" hits="1" branch="false"/>
							</lines>
						</method>
						<method name="populandoVariaveisAlteracoesCampos" signature="()V" line-rate="0.0" branch-rate="1.0">
							<lines>
								<line number="116" hits="0" branch="false"/>
								<line number="117" hits="0" branch="false"/>
								<line number="118" hits="0" branch="false"/>
								<line number="119" hits="0" branch="false"/>
								<line number="120" hits="0" branch="false"/>
								<line number="121" hits="0" branch="false"/>
								<line number="122" hits="0" branch="false"/>
								<line number="123" hits="0" branch="false"/>
								<line number="124" hits="0" branch="false"/>
								<line number="125" hits="0" branch="false"/>
								<line number="126" hits="0" branch="false"/>
								<line number="127" hits="0" branch="false"/>
								<line number="128" hits="0" branch="false"/>
								<line number="129" hits="0" branch="false"/>
								<line number="130" hits="0" branch="false"/>
								<line number="131" hits="0" branch="false"/>
								<line number="132" hits="0" branch="false"/>
								<line number="133" hits="0" branch="false"/>
								<line number="134" hits="0" branch="false"/>
								<line number="135" hits="0" branch="false"/>
								<line number="136" hits="0" branch="false"/>
								<line number="137" hits="0" branch="false"/>
								<line number="138" hits="0" branch="false"/>
								<line number="139" hits="0" branch="false"/>
							</lines>
						</method>
						<method name="populandoVariaveisComentario" signature="()V" line-rate="1.0" branch-rate="1.0">
							<lines>
								<line number="148" hits="1" branch="false"/>
								<line number="149" hits="1" branch="false"/>
								<line number="150" hits="1" branch="false"/>
								<line number="151" hits="1" branch="false"/>
								<line number="152" hits="1" branch="false"/>
								<line number="153" hits="1" branch="false"/>
								<line number="154" hits="1" branch="false"/>
								<line number="155" hits="1" branch="false"/>
								<line number="156" hits="1" branch="false"/>
								<line number="157" hits="1" branch="false"/>
								<line number="158" hits="1" branch="false"/>
								<line number="159" hits="1" branch="false"/>
								<line number="160" hits="1" branch="false"/>
								<line number="161" hits="1" branch="false"/>
								<line number="162" hits="1" branch="false"/>
								<line number="163" hits="1" branch="false"/>
								<line number="164" hits="1" branch="false"/>
								<line number="165" hits="1" branch="false"/>
								<line number="166" hits="1" branch="false"/>
								<line number="167" hits="1" branch="false"/>
								<line number="168" hits="1" branch="false"/>
								<line number="169" hits="1" branch="false"/>
								<line number="170" hits="1" branch="false"/>
								<line number="171" hits="1" branch="false"/>
							</lines>
						</method>
						<method name="retornaTextoComentario" signature="(I)Ljava/lang/String;" line-rate="1.0" branch-rate="1.0">
							<lines>
								<line number="291" hits="94" branch="false"/>
								<line number="293" hits="94" branch="true" condition-coverage="100% (2/2)">
									<conditions>
										<condition number="0" type="jump" coverage="100%"/>
									</conditions>
								</line>
								<line number="294" hits="2162" branch="true" condition-coverage="100% (2/2)">
									<conditions>
										<condition number="0" type="jump" coverage="100%"/>
									</conditions>
								</line>
								<line number="295" hits="93" branch="false"/>
								<line number="297" hits="2162" branch="false"/>
								<line number="298" hits="94" branch="false"/>
							</lines>
						</method>
						<method name="retornarAlteracaoCampos" signature="(I)Lcom/ideiah/gerenciadorpampatec/model/AlteracaoCampos;" line-rate="0.0" branch-rate="0.0">
							<lines>
								<line number="323" hits="0" branch="true" condition-coverage="0% (0/2)">
									<conditions>
										<condition number="0" type="jump" coverage="0%"/>
									</conditions>
								</line>
								<line number="324" hits="0" branch="true" condition-coverage="0% (0/2)">
									<conditions>
										<condition number="0" type="jump" coverage="0%"/>
									</conditions>
								</line>
								<line number="325" hits="0" branch="false"/>
								<line number="327" hits="0" branch="false"/>
								<line number="328" hits="0" branch="false"/>
							</lines>
						</method>
						<method name="retornarAplicacoes" signature="()Ljava/lang/String;" line-rate="1.0" branch-rate="1.0">
							<lines>
								<line number="1253" hits="1" branch="false"/>
							</lines>
						</method>
						<method name="retornarAtividadesChave" signature="()Ljava/lang/String;" line-rate="1.0" branch-rate="1.0">
							<lines>
								<line number="1187" hits="1" branch="false"/>
							</lines>
						</method>
						<method name="retornarCanais" signature="()Ljava/lang/String;" line-rate="1.0" branch-rate="1.0">
							<lines>
								<line number="1209" hits="1" branch="false"/>
							</lines>
						</method>
						<method name="retornarConcorrentes" signature="()Ljava/lang/String;" line-rate="1.0" branch-rate="1.0">
							<lines>
								<line number="1223" hits="1" branch="false"/>
							</lines>
						</method>
						<method name="retornarCustosFixos" signature="()Ljava/lang/String;" line-rate="1.0" branch-rate="1.0">
							<lines>
								<line number="1328" hits="1" branch="false"/>
							</lines>
						</method>
						<method name="retornarCustosVariaveis" signature="()Ljava/lang/String;" line-rate="1.0" branch-rate="1.0">
							<lines>
								<line number="1335" hits="1" branch="false"/>
							</lines>
						</method>
						<method name="retornarDifilcudadesEsperadas" signature="()Ljava/lang/String;" line-rate="1.0" branch-rate="1.0">
							<lines>
								<line number="1261" hits="1" branch="false"/>
							</lines>
						</method>
						<method name="retornarEstagioEvolucao" signature="()Ljava/lang/String;" line-rate="1.0" branch-rate="1.0">
							<lines>
								<line number="1230" hits="1" branch="false"/>
							</lines>
						</method>
						<method name="retornarEstruturaCustos" signature="()Ljava/lang/String;" line-rate="1.0" branch-rate="1.0">
							<lines>
								<line number="1313" hits="1" branch="false"/>
							</lines>
						</method>
						<method name="retornarFontesReceitas" signature="()Ljava/lang/String;" line-rate="1.0" branch-rate="1.0">
							<lines>
								<line number="1306" hits="1" branch="false"/>
							</lines>
						</method>
						<method name="retornarInfraEstrutura" signature="()Ljava/lang/String;" line-rate="1.0" branch-rate="1.0">
							<lines>
								<line number="1284" hits="1" branch="false"/>
							</lines>
						</method>
						<method name="retornarInteracaoEmpresaComunidadeGoverno" signature="()Ljava/lang/String;" line-rate="1.0" branch-rate="1.0">
							<lines>
								<line number="1277" hits="1" branch="false"/>
							</lines>
						</method>
						<method name="retornarInteracaoEmpresaUniversidade" signature="()Ljava/lang/String;" line-rate="1.0" branch-rate="1.0">
							<lines>
								<line number="1269" hits="1" branch="false"/>
							</lines>
						</method>
						<method name="retornarInvestimentoInicial" signature="()Ljava/lang/String;" line-rate="1.0" branch-rate="1.0">
							<lines>
								<line number="1321" hits="1" branch="false"/>
							</lines>
						</method>
						<method name="retornarParceriasChave" signature="()Ljava/lang/String;" line-rate="1.0" branch-rate="1.0">
							<lines>
								<line number="1202" hits="1" branch="false"/>
							</lines>
						</method>
						<method name="retornarParticipacaoAcionaria" signature="()Ljava/lang/String;" line-rate="1.0" branch-rate="1.0">
							<lines>
								<line number="1292" hits="1" branch="false"/>
							</lines>
						</method>
						<method name="retornarPotencialEmprego" signature="()Ljava/lang/String;" line-rate="1.0" branch-rate="1.0">
							<lines>
								<line number="1299" hits="1" branch="false"/>
							</lines>
						</method>
						<method name="retornarPotencialInovacaoTecnologia" signature="()Ljava/lang/String;" line-rate="1.0" branch-rate="1.0">
							<lines>
								<line number="1246" hits="1" branch="false"/>
							</lines>
						</method>
						<method name="retornarPropostaValor" signature="()Ljava/lang/String;" line-rate="1.0" branch-rate="1.0">
							<lines>
								<line number="1180" hits="1" branch="false"/>
							</lines>
						</method>
						<method name="retornarRecursosPrincipais" signature="()Ljava/lang/String;" line-rate="1.0" branch-rate="1.0">
							<lines>
								<line number="1216" hits="1" branch="false"/>
							</lines>
						</method>
						<method name="retornarRelacoesClientes" signature="()Ljava/lang/String;" line-rate="1.0" branch-rate="1.0">
							<lines>
								<line number="1195" hits="1" branch="false"/>
							</lines>
						</method>
						<method name="retornarSegmentosClientes" signature="()Ljava/lang/String;" line-rate="1.0" branch-rate="1.0">
							<lines>
								<line number="1173" hits="1" branch="false"/>
							</lines>
						</method>
						<method name="retornarTecnologiaProcesso" signature="()Ljava/lang/String;" line-rate="1.0" branch-rate="1.0">
							<lines>
								<line number="1238" hits="1" branch="false"/>
							</lines>
						</method>
						<method name="retornarTextoComentario" signature="(I)Lcom/ideiah/gerenciadorpampatec/model/Textocomentario;" line-rate="1.0" branch-rate="1.0">
[...]
								<line number="115" hits="2" branch="true" condition-coverage="75% (3/4)">
									<conditions>
										<condition number="0" type="jump" coverage="100%"/>
										<condition number="1" type="jump" coverage="50%"/>
									</conditions>
								</line>
								<line number="116" hits="1" branch="true" condition-coverage="25% (1/4)">
									<conditions>
										<condition number="0" type="jump" coverage="50%"/>
										<condition number="1" type="jump" coverage="0%"/>
									</conditions>
								</line>
								<line number="118" hits="0" branch="true" condition-coverage="0% (0/2)">
									<conditions>
										<condition number="0" type="jump" coverage="0%"/>
									</conditions>
								</line>
								<line number="120" hits="0" branch="false"/>
								<line number="123" hits="0" branch="false"/>
								<line number="135" hits="0" branch="false"/>
								<line number="162" hits="0" branch="false"/>
								<line number="166" hits="2" branch="false"/>
							</lines>
						</method>
						<method name="enviarEmailRecuperarSenha" signature="(Ljava/lang/String;Ljava/lang/String;)V" line-rate="0.5" branch-rate="0.5">
							<lines>
								<line number="177" hits="2" branch="true" condition-coverage="75% (3/4)">
									<conditions>
										<condition number="0" type="jump" coverage="100%"/>
										<condition number="1" type="jump" coverage="50%"/>
									</conditions>
								</line>
								<line number="178" hits="1" branch="true" condition-coverage="25% (1/4)">
									<conditions>
										<condition number="0" type="jump" coverage="50%"/>
										<condition number="1" type="jump" coverage="0%"/>
									</conditions>
								</line>
								<line number="180" hits="0" branch="false"/>
								<line number="183" hits="0" branch="false"/>
								<line number="217" hits="0" branch="false"/>
								<line number="220" hits="2" branch="false"/>
							</lines>
						</method>
						<method name="mandarEmailAvaliacao" signature="(Lcom/ideiah/gerenciadorpampatec/model/Empreendedor;Ljava/lang/String;)V" line-rate="0.5555555555555556" branch-rate="0.8">
							<lines>
								<line number="50" hits="4" branch="true" condition-coverage="75% (3/4)">
									<conditions>
										<condition number="0" type="jump" coverage="50%"/>
										<condition number="1" type="jump" coverage="100%"/>
									</conditions>
								</line>
								<line number="52" hits="3" branch="true" condition-coverage="100% (2/2)">
									<conditions>
										<condition number="0" type="jump" coverage="100%"/>
									</conditions>
								</line>
								<line number="53" hits="2" branch="true" condition-coverage="100% (2/2)">
									<conditions>
										<condition number="0" type="jump" coverage="100%"/>
									</conditions>
								</line>
								<line number="54" hits="1" branch="true" condition-coverage="50% (1/2)">
									<conditions>
										<condition number="0" type="jump" coverage="50%"/>
									</conditions>
								</line>
								<line number="55" hits="0" branch="false"/>
								<line number="58" hits="0" branch="false"/>
								<line number="70" hits="0" branch="false"/>
								<line number="96" hits="0" branch="false"/>
								<line number="99" hits="4" branch="false"/>
							</lines>
						</method>
						<method name="mandarEmailConcluirCadastro" signature="(Ljava/lang/String;Ljava/lang/String;Ljava/lang/String;Ljava/lang/String;)V" line-rate="0.5" branch-rate="0.375">
							<lines>
								<line number="233" hits="2" branch="true" condition-coverage="62% (5/8)">
									<conditions>
										<condition number="0" type="jump" coverage="100%"/>
										<condition number="1" type="jump" coverage="50%"/>
										<condition number="2" type="jump" coverage="50%"/>
										<condition number="3" type="jump" coverage="50%"/>
									</conditions>
								</line>
								<line number="234" hits="1" branch="true" condition-coverage="12% (1/8)">
									<conditions>
										<condition number="0" type="jump" coverage="50%"/>
										<condition number="1" type="jump" coverage="0%"/>
										<condition number="2" type="jump" coverage="0%"/>
										<condition number="3" type="jump" coverage="0%"/>
									</conditions>
								</line>
								<line number="236" hits="0" branch="false"/>
								<line number="239" hits="0" branch="false"/>
								<line number="272" hits="0" branch="false"/>
								<line number="275" hits="2" branch="false"/>
							</lines>
						</method>
						<method name="mandarEmailConfirmacao" signature="(Ljava/lang/String;Ljava/lang/String;Ljava/lang/String;)Z" line-rate="0.0" branch-rate="0.0">
							<lines>
								<line number="289" hits="0" branch="true" condition-coverage="0% (0/6)">
									<conditions>
										<condition number="0" type="jump" coverage="0%"/>
										<condition number="1" type="jump" coverage="0%"/>
										<condition number="2" type="jump" coverage="0%"/>
									</conditions>
								</line>
								<line number="290" hits="0" branch="true" condition-coverage="0% (0/6)">
									<conditions>
										<condition number="0" type="jump" coverage="0%"/>
										<condition number="1" type="jump" coverage="0%"/>
										<condition number="2" type="jump" coverage="0%"/>
									</conditions>
								</line>
								<line number="291" hits="0" branch="false"/>
								<line number="294" hits="0" branch="false"/>
								<line number="329" hits="0" branch="false"/>
								<line number="333" hits="0" branch="false"/>
							</lines>
						</method>
						<method name="mandarEmailConfirmacaoEdicao" signature="(Ljava/lang/String;Ljava/lang/String;Ljava/lang/String;)Z" line-rate="0.0" branch-rate="0.0">
							<lines>
								<line number="371" hits="0" branch="true" condition-coverage="0% (0/6)">
									<conditions>
										<condition number="0" type="jump" coverage="0%"/>
										<condition number="1" type="jump" coverage="0%"/>
										<condition number="2" type="jump" coverage="0%"/>
									</conditions>
								</line>
								<line number="372" hits="0" branch="true" condition-coverage="0% (0/6)">
									<conditions>
										<condition number="0" type="jump" coverage="0%"/>
										<condition number="1" type="jump" coverage="0%"/>
										<condition number="2" type="jump" coverage="0%"/>
									</conditions>
								</line>
								<line number="374" hits="0" branch="false"/>
								<line number="377" hits="0" branch="false"/>
								<line number="411" hits="0" branch="false"/>
								<line number="415" hits="0" branch="false"/>
							</lines>
						</method>
					</methods>
					<lines>
						<line number="35" hits="1" branch="false"/>
						<line number="36" hits="1" branch="false"/>
						<line number="50" hits="4" branch="true" condition-coverage="75% (3/4)">
							<conditions>
								<condition number="0" type="jump" coverage="50%"/>
								<condition number="1" type="jump" coverage="100%"/>
							</conditions>
						</line>
						<line number="52" hits="3" branch="true" condition-coverage="100% (2/2)">
							<conditions>
								<condition number="0" type="jump" coverage="100%"/>
							</conditions>
						</line>
						<line number="53" hits="2" branch="true" condition-coverage="100% (2/2)">
							<conditions>
								<condition number="0" type="jump" coverage="100%"/>
							</conditions>
						</line>
						<line number="54" hits="1" branch="true" condition-coverage="50% (1/2)">
							<conditions>
								<condition number="0" type="jump" coverage="50%"/>
							</conditions>
						</line>
						<line number="55" hits="0" branch="false"/>
						<line number="58" hits="0" branch="false"/>
						<line number="70" hits="0" branch="false"/>
						<line number="96" hits="0" branch="false"/>
						<line number="99" hits="4" branch="false"/>
						<line number="115" hits="2" branch="true" condition-coverage="75% (3/4)">
							<conditions>
								<condition number="0" type="jump" coverage="100%"/>
								<condition number="1" type="jump" coverage="50%"/>
							</conditions>
						</line>
						<line number="116" hits="1" branch="true" condition-coverage="25% (1/4)">
							<conditions>
								<condition number="0" type="jump" coverage="50%"/>
								<condition number="1" type="jump" coverage="0%"/>
							</conditions>
						</line>
						<line number="118" hits="0" branch="true" condition-coverage="0% (0/2)">
							<conditions>
								<condition number="0" type="jump" coverage="0%"/>
							</conditions>
						</line>
						<line number="120" hits="0" branch="false"/>
						<line number="123" hits="0" branch="false"/>
						<line number="135" hits="0" branch="false"/>
						<line number="162" hits="0" branch="false"/>
						<line number="166" hits="2" branch="false"/>
						<line number="177" hits="2" branch="true" condition-coverage="75% (3/4)">
							<conditions>
								<condition number="0" type="jump" coverage="100%"/>
								<condition number="1" type="jump" coverage="50%"/>
							</conditions>
						</line>
						<line number="178" hits="1" branch="true" condition-coverage="25% (1/4)">
							<conditions>
								<condition number="0" type="jump" coverage="50%"/>
								<condition number="1" type="jump" coverage="0%"/>
							</conditions>
						</line>
						<line number="180" hits="0" branch="false"/>
						<line number="183" hits="0" branch="false"/>
						<line number="217" hits="0" branch="false"/>
						<line number="220" hits="2" branch="false"/>
						<line number="233" hits="2" branch="true" condition-coverage="62% (5/8)">
							<conditions>
								<condition number="0" type="jump" coverage="100%"/>
								<condition number="1" type="jump" coverage="50%"/>
								<condition number="2" type="jump" coverage="50%"/>
								<condition number="3" type="jump" coverage="50%"/>
							</conditions>
						</line>
						<line number="234" hits="1" branch="true" condition-coverage="12% (1/8)">
							<conditions>
								<condition number="0" type="jump" coverage="50%"/>
								<condition number="1" type="jump" coverage="0%"/>
								<condition number="2" type="jump" coverage="0%"/>
								<condition number="3" type="jump" coverage="0%"/>
							</conditions>
						</line>
						<line number="236" hits="0" branch="false"/>
						<line number="239" hits="0" branch="false"/>
						<line number="272" hits="0" branch="false"/>
						<line number="275" hits="2" branch="false"/>
						<line number="289" hits="0" branch="true" condition-coverage="0% (0/6)">
							<conditions>
								<condition number="0" type="jump" coverage="0%"/>
								<condition number="1" type="jump" coverage="0%"/>
								<condition number="2" type="jump" coverage="0%"/>
							</conditions>
						</line>
						<line number="290" hits="0" branch="true" condition-coverage="0% (0/6)">
							<conditions>
								<condition number="0" type="jump" coverage="0%"/>
								<condition number="1" type="jump" coverage="0%"/>
								<condition number="2" type="jump" coverage="0%"/>
							</conditions>
						</line>
						<line number="291" hits="0" branch="false"/>
						<line number="294" hits="0" branch="false"/>
						<line number="329" hits="0" branch="false"/>
						<line number="333" hits="0" branch="false"/>
						<line number="345" hits="0" branch="false"/>
						<line number="346" hits="0" branch="false"/>
						<line number="348" hits="0" branch="false"/>
						<line number="349" hits="0" branch="false"/>
						<line number="351" hits="0" branch="false"/>
						<line number="352" hits="0" branch="false"/>
						<line number="353" hits="0" branch="false"/>
						<line number="354" hits="0" branch="false"/>
						<line number="355" hits="0" branch="false"/>
						<line number="356" hits="0" branch="false"/>
						<line number="357" hits="0" branch="false"/>
						<line number="371" hits="0" branch="true" condition-coverage="0% (0/6)">
							<conditions>
								<condition number="0" type="jump" coverage="0%"/>
								<condition number="1" type="jump" coverage="0%"/>
								<condition number="2" type="jump" coverage="0%"/>
							</conditions>
						</line>
						<line number="372" hits="0" branch="true" condition-coverage="0% (0/6)">
							<conditions>
								<condition number="0" type="jump" coverage="0%"/>
								<condition number="1" type="jump" coverage="0%"/>
								<condition number="2" type="jump" coverage="0%"/>
							</conditions>
						</line>
						<line number="374" hits="0" branch="false"/>
						<line number="377" hits="0" branch="false"/>
						<line number="411" hits="0" branch="false"/>
						<line number="415" hits="0" branch="false"/>
					</lines>
				</class>
				<class name="com.ideiah.gerenciadorpampatec.util.FacesUtil" filename="com/ideiah/gerenciadorpampatec/util/FacesUtil.java" line-rate="0.5238095238095238" branch-rate="1.0" complexity="1.8888888888888888">
					<methods>
						<method name="&lt;init&gt;" signature="()V" line-rate="1.0" branch-rate="1.0">
							<lines>
								<line number="12" hits="1" branch="false"/>
								<line number="13" hits="1" branch="false"/>
							</lines>
						</method>
						<method name="addErrorMessage" signature="(Ljava/lang/String;)V" line-rate="0.0" branch-rate="1.0">
							<lines>
								<line number="56" hits="0" branch="false"/>
								<line number="59" hits="0" branch="false"/>
							</lines>
						</method>
						<method name="addErrorMessage" signature="(Ljava/lang/String;Ljava/lang/String;)V" line-rate="0.0" branch-rate="1.0">
							<lines>
								<line number="68" hits="0" branch="false"/>
								<line number="71" hits="0" branch="false"/>
							</lines>
						</method>
						<method name="addFeedbackSaveSuccess" signature="(Ljava/lang/String;)V" line-rate="0.0" branch-rate="1.0">
							<lines>
								<line number="21" hits="0" branch="false"/>
								<line number="25" hits="0" branch="false"/>
							</lines>
						</method>
						<method name="addSuccessMessage" signature="(Ljava/lang/String;)V" line-rate="0.0" branch-rate="1.0">
							<lines>
								<line number="33" hits="0" branch="false"/>
								<line number="36" hits="0" branch="false"/>
							</lines>
						</method>
						<method name="addSuccessMessage" signature="(Ljava/lang/String;Ljava/lang/String;)V" line-rate="0.0" branch-rate="1.0">
							<lines>
								<line number="45" hits="0" branch="false"/>
								<line number="48" hits="0" branch="false"/>
							</lines>
						</method>
						<method name="removeCaracteres" signature="(Ljava/lang/String;)Ljava/lang/String;" line-rate="1.0" branch-rate="1.0">
							<lines>
								<line number="113" hits="4" branch="true" condition-coverage="100% (2/2)">
									<conditions>
										<condition number="0" type="jump" coverage="100%"/>
									</conditions>
								</line>
								<line number="114" hits="1" branch="false"/>
								<line number="116" hits="3" branch="false"/>
							</lines>
						</method>
						<method name="transformaInt" signature="(Ljava/lang/String;)I" line-rate="1.0" branch-rate="1.0">
							<lines>
								<line number="81" hits="4" branch="true" condition-coverage="100% (4/4)">
									<conditions>
										<condition number="0" type="jump" coverage="100%"/>
										<condition number="1" type="jump" coverage="100%"/>
									</conditions>
								</line>
								<line number="82" hits="2" branch="false"/>
								<line number="84" hits="2" branch="false"/>
							</lines>
						</method>
						<method name="transformaLong" signature="(Ljava/lang/String;)J" line-rate="1.0" branch-rate="1.0">
							<lines>
								<line number="97" hits="4" branch="true" condition-coverage="100% (4/4)">
									<conditions>
										<condition number="0" type="jump" coverage="100%"/>
										<condition number="1" type="jump" coverage="100%"/>
									</conditions>
								</line>
								<line number="98" hits="2" branch="false"/>
								<line number="100" hits="2" branch="false"/>
							</lines>
						</method>
					</methods>
					<lines>
						<line number="12" hits="1" branch="false"/>
						<line number="13" hits="1" branch="false"/>
						<line number="21" hits="0" branch="false"/>
						<line number="25" hits="0" branch="false"/>
						<line number="33" hits="0" branch="false"/>
						<line number="36" hits="0" branch="false"/>
						<line number="45" hits="0" branch="false"/>
						<line number="48" hits="0" branch="false"/>
						<line number="56" hits="0" branch="false"/>
						<line number="59" hits="0" branch="false"/>
						<line number="68" hits="0" branch="false"/>
						<line number="71" hits="0" branch="false"/>
						<line number="81" hits="4" branch="true" condition-coverage="100% (4/4)">
							<conditions>
								<condition number="0" type="jump" coverage="100%"/>
								<condition number="1" type="jump" coverage="100%"/>
							</conditions>
						</line>
						<line number="82" hits="2" branch="false"/>
						<line number="84" hits="2" branch="false"/>
						<line number="97" hits="4" branch="true" condition-coverage="100% (4/4)">
							<conditions>
								<condition number="0" type="jump" coverage="100%"/>
								<condition number="1" type="jump" coverage="100%"/>
							</conditions>
						</line>
						<line number="98" hits="2" branch="false"/>
						<line number="100" hits="2" branch="false"/>
						<line number="113" hits="4" branch="true" condition-coverage="100% (2/2)">
							<conditions>
								<condition number="0" type="jump" coverage="100%"/>
							</conditions>
						</line>
						<line number="114" hits="1" branch="false"/>
						<line number="116" hits="3" branch="false"/>
					</lines>
				</class>
				<class name="com.ideiah.gerenciadorpampatec.util.TelefoneUtil" filename="com/ideiah/gerenciadorpampatec/util/TelefoneUtil.java" line-rate="1.0" branch-rate="1.0" complexity="2.5">
					<methods>
						<method name="&lt;init&gt;" signature="()V" line-rate="1.0" branch-rate="1.0">
							<lines>
								<line number="10" hits="1" branch="false"/>
								<line number="11" hits="1" branch="false"/>
							</lines>
						</method>
						<method name="removeParentesesTelefone" signature="(Ljava/lang/String;)Ljava/lang/String;" line-rate="1.0" branch-rate="1.0">
							<lines>
								<line number="21" hits="6" branch="false"/>
								<line number="22" hits="6" branch="true" condition-coverage="100% (2/2)">
									<conditions>
										<condition number="0" type="jump" coverage="100%"/>
									</conditions>
								</line>
								<line number="23" hits="62" branch="true" condition-coverage="100% (2/2)">
									<conditions>
										<condition number="0" type="jump" coverage="100%"/>
									</conditions>
								</line>
								<line number="24" hits="57" branch="true" condition-coverage="100% (2/2)">
									<conditions>
										<condition number="0" type="jump" coverage="100%"/>
									</conditions>
								</line>
								<line number="25" hits="20" branch="false"/>
								<line number="29" hits="6" branch="false"/>
							</lines>
						</method>
					</methods>
					<lines>
						<line number="10" hits="1" branch="false"/>
						<line number="11" hits="1" branch="false"/>
						<line number="21" hits="6" branch="false"/>
						<line number="22" hits="6" branch="true" condition-coverage="100% (2/2)">
							<conditions>
								<condition number="0" type="jump" coverage="100%"/>
							</conditions>
						</line>
						<line number="23" hits="62" branch="true" condition-coverage="100% (2/2)">
							<conditions>
								<condition number="0" type="jump" coverage="100%"/>
							</conditions>
						</line>
						<line number="24" hits="57" branch="true" condition-coverage="100% (2/2)">
							<conditions>
								<condition number="0" type="jump" coverage="100%"/>
							</conditions>
						</line>
						<line number="25" hits="20" branch="false"/>
						<line number="29" hits="6" branch="false"/>
					</lines>
				</class>
			</classes>
		</package>
	</packages>
</coverage>
