<?xml version="1.0" encoding="UTF-8" ?>
<testsuite tests="66" failures="0" name="com.ideiah.gerenciadorpampatec.model.ProjetoTest" time="0.001" errors="0" skipped="0">
  <properties>
[...]
</properties>
  <testcase classname="com.ideiah.gerenciadorpampatec.model.ProjetoTest" name="testGetEdital" time="0"/>
  <testcase classname="com.ideiah.gerenciadorpampatec.model.ProjetoTest" name="testSetEdital" time="0"/>
  <testcase classname="com.ideiah.gerenciadorpampatec.model.ProjetoTest" name="testSetNegocio" time="0"/>
  <testcase classname="com.ideiah.gerenciadorpampatec.model.ProjetoTest" name="testSetIdProjeto" time="0"/>
  <testcase classname="com.ideiah.gerenciadorpampatec.model.ProjetoTest" name="testMudarStatus" time="0"/>
  <testcase classname="com.ideiah.gerenciadorpampatec.model.ProjetoTest" name="testGetIdProjeto" time="0"/>
  <testcase classname="com.ideiah.gerenciadorpampatec.model.ProjetoTest" name="testGetNegocio" time="0"/>
  <testcase classname="com.ideiah.gerenciadorpampatec.model.ProjetoTest" name="testGetDataEnvio" time="0"/>
  <testcase classname="com.ideiah.gerenciadorpampatec.model.ProjetoTest" name="testSetDataEnvio" time="0"/>
  <testcase classname="com.ideiah.gerenciadorpampatec.model.ProjetoTest" name="testSetNome" time="0"/>
  <testcase classname="com.ideiah.gerenciadorpampatec.model.ProjetoTest" name="testGetNome" time="0"/>
  <testcase classname="com.ideiah.gerenciadorpampatec.model.ProjetoTest" name="testSetComentarioProjeto" time="0"/>
  <testcase classname="com.ideiah.gerenciadorpampatec.model.ProjetoTest" name="testGetComentarioProjeto" time="0"/>
  <testcase classname="com.ideiah.gerenciadorpampatec.model.ProjetoTest" name="testGetStatusString4" time="0"/>
  <testcase classname="com.ideiah.gerenciadorpampatec.model.ProjetoTest" name="testGetPlanofinanceiro" time="0"/>
  <testcase classname="com.ideiah.gerenciadorpampatec.model.ProjetoTest" name="testSetPlanofinanceiro" time="0"/>
  <testcase classname="com.ideiah.gerenciadorpampatec.model.ProjetoTest" name="testSetParticipacaoacionaria" time="0"/>
  <testcase classname="com.ideiah.gerenciadorpampatec.model.ProjetoTest" name="testGetStatusString" time="0"/>
  <testcase classname="com.ideiah.gerenciadorpampatec.model.ProjetoTest" name="testGetParticipacaoacionaria" time="0"/>
  <testcase classname="com.ideiah.gerenciadorpampatec.model.ProjetoTest" name="testSetPotencialEmprego" time="0"/>
  <testcase classname="com.ideiah.gerenciadorpampatec.model.ProjetoTest" name="testGetPotencialEmprego" time="0"/>
  <testcase classname="com.ideiah.gerenciadorpampatec.model.ProjetoTest" name="testGetEmpreendedorCorrespondente" time="0"/>
  <testcase classname="com.ideiah.gerenciadorpampatec.model.ProjetoTest" name="testSetEmpreendedorCorrespondente" time="0"/>
  <testcase classname="com.ideiah.gerenciadorpampatec.model.ProjetoTest" name="testVerificarSendoAvaliado" time="0"/>
  <testcase classname="com.ideiah.gerenciadorpampatec.model.ProjetoTest" name="testVerificarNecessitaAvaliacao" time="0"/>
  <testcase classname="com.ideiah.gerenciadorpampatec.model.ProjetoTest" name="testGetAnaliseemprego" time="0"/>
  <testcase classname="com.ideiah.gerenciadorpampatec.model.ProjetoTest" name="testSetAnaliseemprego" time="0"/>
  <testcase classname="com.ideiah.gerenciadorpampatec.model.ProjetoTest" name="testVerificaReSubmetido" time="0"/>
  <testcase classname="com.ideiah.gerenciadorpampatec.model.ProjetoTest" name="testSetProdutoouservico" time="0"/>
  <testcase classname="com.ideiah.gerenciadorpampatec.model.ProjetoTest" name="testFormatarDataEnvio2" time="0"/>
  <testcase classname="com.ideiah.gerenciadorpampatec.model.ProjetoTest" name="testGetDataAvaliacao" time="0"/>
  <testcase classname="com.ideiah.gerenciadorpampatec.model.ProjetoTest" name="testSetDataAvaliacao" time="0"/>
  <testcase classname="com.ideiah.gerenciadorpampatec.model.ProjetoTest" name="testVerificarRevisando" time="0"/>
  <testcase classname="com.ideiah.gerenciadorpampatec.model.ProjetoTest" name="testGetProdutoouservico" time="0"/>
  <testcase classname="com.ideiah.gerenciadorpampatec.model.ProjetoTest" name="testGetStatusString2" time="0"/>
  <testcase classname="com.ideiah.gerenciadorpampatec.model.ProjetoTest" name="testFormatarDataEnvio" time="0"/>
  <testcase classname="com.ideiah.gerenciadorpampatec.model.ProjetoTest" name="testVerificarAceitoParaAvaliacao" time="0"/>
  <testcase classname="com.ideiah.gerenciadorpampatec.model.ProjetoTest" name="testVerificarReprovado" time="0"/>
  <testcase classname="com.ideiah.gerenciadorpampatec.model.ProjetoTest" name="testGetStatusString3" time="0"/>
  <testcase classname="com.ideiah.gerenciadorpampatec.model.ProjetoTest" name="testFormatarDataAvaliacao" time="0"/>
  <testcase classname="com.ideiah.gerenciadorpampatec.model.ProjetoTest" name="testRetornaListaEmpreendedores" time="0"/>
  <testcase classname="com.ideiah.gerenciadorpampatec.model.ProjetoTest" name="testVerificaSubmetido" time="0"/>
  <testcase classname="com.ideiah.gerenciadorpampatec.model.ProjetoTest" name="testFormatarDataAvaliacao2" time="0"/>
  <testcase classname="com.ideiah.gerenciadorpampatec.model.ProjetoTest" name="testVerificaEmPreAvaliacao" time="0"/>
  <testcase classname="com.ideiah.gerenciadorpampatec.model.ProjetoTest" name="testGetStatusString6" time="0"/>
  <testcase classname="com.ideiah.gerenciadorpampatec.model.ProjetoTest" name="testGetStatusString12" time="0"/>
  <testcase classname="com.ideiah.gerenciadorpampatec.model.ProjetoTest" name="testGetStatusString11" time="0"/>
  <testcase classname="com.ideiah.gerenciadorpampatec.model.ProjetoTest" name="testGetDataCriacao" time="0"/>
  <testcase classname="com.ideiah.gerenciadorpampatec.model.ProjetoTest" name="testGetStatusString8" time="0"/>
  <testcase classname="com.ideiah.gerenciadorpampatec.model.ProjetoTest" name="testSetEmpreendedores" time="0.001"/>
  <testcase classname="com.ideiah.gerenciadorpampatec.model.ProjetoTest" name="testGetStatusString9" time="0"/>
  <testcase classname="com.ideiah.gerenciadorpampatec.model.ProjetoTest" name="testGetStatusTemp" time="0"/>
  <testcase classname="com.ideiah.gerenciadorpampatec.model.ProjetoTest" name="testGetStatusString7" time="0"/>
  <testcase classname="com.ideiah.gerenciadorpampatec.model.ProjetoTest" name="testGetEmpreendedores" time="0"/>
  <testcase classname="com.ideiah.gerenciadorpampatec.model.ProjetoTest" name="testGetGerenteRelacionamento" time="0"/>
  <testcase classname="com.ideiah.gerenciadorpampatec.model.ProjetoTest" name="testSetGerenteRelacionamento" time="0"/>
  <testcase classname="com.ideiah.gerenciadorpampatec.model.ProjetoTest" name="testGetStatusString5" time="0"/>
  <testcase classname="com.ideiah.gerenciadorpampatec.model.ProjetoTest" name="testGetStatusString10" time="0"/>
  <testcase classname="com.ideiah.gerenciadorpampatec.model.ProjetoTest" name="testSetDataCriacao" time="0"/>
  <testcase classname="com.ideiah.gerenciadorpampatec.model.ProjetoTest" name="testSetStatusTemp" time="0"/>
  <testcase classname="com.ideiah.gerenciadorpampatec.model.ProjetoTest" name="testGetContAcesso" time="0"/>
  <testcase classname="com.ideiah.gerenciadorpampatec.model.ProjetoTest" name="testSetContAcesso" time="0"/>
  <testcase classname="com.ideiah.gerenciadorpampatec.model.ProjetoTest" name="testProjeto" time="0"/>
  <testcase classname="com.ideiah.gerenciadorpampatec.model.ProjetoTest" name="testProjeto2" time="0"/>
  <testcase classname="com.ideiah.gerenciadorpampatec.model.ProjetoTest" name="testSetStatus" time="0"/>
  <testcase classname="com.ideiah.gerenciadorpampatec.model.ProjetoTest" name="testGetStatus" time="0"/>
</testsuite>