<?xml version="1.0" encoding="UTF-8" ?>
<testsuite tests="31" failures="0" name="com.ideiah.gerenciadorpampatec.model.EmpreendedorTest" time="0.005" errors="0" skipped="0">
  <properties>
[...]
</properties>
  <testcase classname="com.ideiah.gerenciadorpampatec.model.EmpreendedorTest" name="testGetComplemento" time="0"/>
  <testcase classname="com.ideiah.gerenciadorpampatec.model.EmpreendedorTest" name="testGetNotificacoes" time="0"/>
  <testcase classname="com.ideiah.gerenciadorpampatec.model.EmpreendedorTest" name="testGetQuantidadeDeNotificacoes2" time="0"/>
  <testcase classname="com.ideiah.gerenciadorpampatec.model.EmpreendedorTest" name="testConstrutorEmpreededor" time="0"/>
  <testcase classname="com.ideiah.gerenciadorpampatec.model.EmpreendedorTest" name="testConstrutorEmpreededor3" time="0"/>
  <testcase classname="com.ideiah.gerenciadorpampatec.model.EmpreendedorTest" name="testRetornaStatus" time="0"/>
  <testcase classname="com.ideiah.gerenciadorpampatec.model.EmpreendedorTest" name="testRetornaStatus2" time="0"/>
  <testcase classname="com.ideiah.gerenciadorpampatec.model.EmpreendedorTest" name="testGetExperiencia" time="0"/>
  <testcase classname="com.ideiah.gerenciadorpampatec.model.EmpreendedorTest" name="testGetDescricaoDasNotificacoes" time="0"/>
  <testcase classname="com.ideiah.gerenciadorpampatec.model.EmpreendedorTest" name="testRetornaTipoEmpreendedor2" time="0"/>
  <testcase classname="com.ideiah.gerenciadorpampatec.model.EmpreendedorTest" name="testSetComplemento" time="0"/>
  <testcase classname="com.ideiah.gerenciadorpampatec.model.EmpreendedorTest" name="testGetQuantidadeDeNotificacoes" time="0"/>
  <testcase classname="com.ideiah.gerenciadorpampatec.model.EmpreendedorTest" name="testRetornaTipoEmpreendedor" time="0"/>
  <testcase classname="com.ideiah.gerenciadorpampatec.model.EmpreendedorTest" name="testVerificaDadosEmpreendedores" time="0"/>
  <testcase classname="com.ideiah.gerenciadorpampatec.model.EmpreendedorTest" name="testConstrutorEmpreededor2" time="0"/>
  <testcase classname="com.ideiah.gerenciadorpampatec.model.EmpreendedorTest" name="testVerificaDadosEmpreendedor" time="0"/>
  <testcase classname="com.ideiah.gerenciadorpampatec.model.EmpreendedorTest" name="testSetNotificacoes" time="0"/>
  <testcase classname="com.ideiah.gerenciadorpampatec.model.EmpreendedorTest" name="testSetExperiencia" time="0"/>
  <testcase classname="com.ideiah.gerenciadorpampatec.model.EmpreendedorTest" name="testVerificaTipoEmpreendedor" time="0"/>
  <testcase classname="com.ideiah.gerenciadorpampatec.model.EmpreendedorTest" name="testVerificaDadosEmpreendedores2" time="0"/>
  <testcase classname="com.ideiah.gerenciadorpampatec.model.EmpreendedorTest" name="testGetProjetos" time="0"/>
  <testcase classname="com.ideiah.gerenciadorpampatec.model.EmpreendedorTest" name="testGetRua" time="0"/>
  <testcase classname="com.ideiah.gerenciadorpampatec.model.EmpreendedorTest" name="testGetIdUnico" time="0"/>
  <testcase classname="com.ideiah.gerenciadorpampatec.model.EmpreendedorTest" name="testGetFormacao" time="0"/>
  <testcase classname="com.ideiah.gerenciadorpampatec.model.EmpreendedorTest" name="testSetIdUnico" time="0"/>
  <testcase classname="com.ideiah.gerenciadorpampatec.model.EmpreendedorTest" name="testGetNumero" time="0"/>
  <testcase classname="com.ideiah.gerenciadorpampatec.model.EmpreendedorTest" name="testSetBairro" time="0"/>
  <testcase classname="com.ideiah.gerenciadorpampatec.model.EmpreendedorTest" name="testGetBairro" time="0"/>
  <testcase classname="com.ideiah.gerenciadorpampatec.model.EmpreendedorTest" name="testSetNumero" time="0"/>
  <testcase classname="com.ideiah.gerenciadorpampatec.model.EmpreendedorTest" name="testSetRua" time="0"/>
  <testcase classname="com.ideiah.gerenciadorpampatec.model.EmpreendedorTest" name="testSetFormacao" time="0.001"/>
</testsuite>