<?xml version="1.0" encoding="UTF-8" ?>
<testsuite tests="219" failures="0" name="com.ideiah.gerenciadorpampatec.model.ComentarioProjetoTest" time="0.009" errors="0" skipped="0">
  <properties>
[...]
</properties>
  <testcase classname="com.ideiah.gerenciadorpampatec.model.ComentarioProjetoTest" name="testRetornarTextoComentarioEstruturaCustos5" time="0"/>
  <testcase classname="com.ideiah.gerenciadorpampatec.model.ComentarioProjetoTest" name="testGetProjeto" time="0"/>
  <testcase classname="com.ideiah.gerenciadorpampatec.model.ComentarioProjetoTest" name="testSetProjeto" time="0"/>
  <testcase classname="com.ideiah.gerenciadorpampatec.model.ComentarioProjetoTest" name="testSetNome" time="0"/>
  <testcase classname="com.ideiah.gerenciadorpampatec.model.ComentarioProjetoTest" name="testGetNome" time="0"/>
  <testcase classname="com.ideiah.gerenciadorpampatec.model.ComentarioProjetoTest" name="testRetornarTextoComentarioRecursosPrincipais3" time="0"/>
  <testcase classname="com.ideiah.gerenciadorpampatec.model.ComentarioProjetoTest" name="testRetornarTextoComentarioRelacaoCliente2" time="0"/>
  <testcase classname="com.ideiah.gerenciadorpampatec.model.ComentarioProjetoTest" name="testRetornarTextoComentarioRecursosPrincipais4" time="0"/>
  <testcase classname="com.ideiah.gerenciadorpampatec.model.ComentarioProjetoTest" name="testRetornarTextoComentarioCanais6" time="0"/>
  <testcase classname="com.ideiah.gerenciadorpampatec.model.ComentarioProjetoTest" name="testRetornarTextoComentarioParceriasChave2" time="0"/>
  <testcase classname="com.ideiah.gerenciadorpampatec.model.ComentarioProjetoTest" name="testRetornarTextoComentarioConcorrentes2" time="0"/>
  <testcase classname="com.ideiah.gerenciadorpampatec.model.ComentarioProjetoTest" name="testRetornarTextoComentarioPropostaValor4" time="0"/>
  <testcase classname="com.ideiah.gerenciadorpampatec.model.ComentarioProjetoTest" name="testRetornarTextoComentarioParceriasChave3" time="0"/>
  <testcase classname="com.ideiah.gerenciadorpampatec.model.ComentarioProjetoTest" name="testRetornarTextoComentarioRecursosPrincipais5" time="0"/>
  <testcase classname="com.ideiah.gerenciadorpampatec.model.ComentarioProjetoTest" name="testRetornarTextoComentarioRelacaoCliente4" time="0"/>
  <testcase classname="com.ideiah.gerenciadorpampatec.model.ComentarioProjetoTest" name="testRetornarTextoComentarioRecursosPrincipais6" time="0"/>
  <testcase classname="com.ideiah.gerenciadorpampatec.model.ComentarioProjetoTest" name="testRetornarTextoComentarioConcorrentes4" time="0"/>
  <testcase classname="com.ideiah.gerenciadorpampatec.model.ComentarioProjetoTest" name="testRetornarTextoComentarioConcorrentes5" time="0"/>
  <testcase classname="com.ideiah.gerenciadorpampatec.model.ComentarioProjetoTest" name="testRetornarTextoComentarioPropostaValor2" time="0"/>
  <testcase classname="com.ideiah.gerenciadorpampatec.model.ComentarioProjetoTest" name="testRetornarTextoComentarioEstagioEvolucao2" time="0"/>
  <testcase classname="com.ideiah.gerenciadorpampatec.model.ComentarioProjetoTest" name="testRetornarTextoComentarioEstagioEvolucao3" time="0"/>
  <testcase classname="com.ideiah.gerenciadorpampatec.model.ComentarioProjetoTest" name="testRetornarTextoComentarioEstagioEvolucao4" time="0"/>
  <testcase classname="com.ideiah.gerenciadorpampatec.model.ComentarioProjetoTest" name="testRetornarTextoComentarioEstagioEvolucao5" time="0"/>
  <testcase classname="com.ideiah.gerenciadorpampatec.model.ComentarioProjetoTest" name="testRetornarTextoComentarioConcorrentes3" time="0"/>
  <testcase classname="com.ideiah.gerenciadorpampatec.model.ComentarioProjetoTest" name="testRetornarTextoComentarioCanais4" time="0"/>
  <testcase classname="com.ideiah.gerenciadorpampatec.model.ComentarioProjetoTest" name="testRetornarTextoComentarioCanais2" time="0"/>
  <testcase classname="com.ideiah.gerenciadorpampatec.model.ComentarioProjetoTest" name="testRetornarTextoComentarioConcorrentes6" time="0"/>
  <testcase classname="com.ideiah.gerenciadorpampatec.model.ComentarioProjetoTest" name="testRetornarTextoComentarioParceriasChave6" time="0"/>
  <testcase classname="com.ideiah.gerenciadorpampatec.model.ComentarioProjetoTest" name="testRetornarTextoComentarioPropostavalor6" time="0"/>
  <testcase classname="com.ideiah.gerenciadorpampatec.model.ComentarioProjetoTest" name="testRetornarTextoComentarioParceiasChave5" time="0"/>
  <testcase classname="com.ideiah.gerenciadorpampatec.model.ComentarioProjetoTest" name="testRetornarTextoComentarioPropostavalor3" time="0"/>
  <testcase classname="com.ideiah.gerenciadorpampatec.model.ComentarioProjetoTest" name="testRetornarTextoComentarioAtividadesChave3" time="0"/>
  <testcase classname="com.ideiah.gerenciadorpampatec.model.ComentarioProjetoTest" name="testRetornarTextoComentarioRecursosPrincipais2" time="0"/>
  <testcase classname="com.ideiah.gerenciadorpampatec.model.ComentarioProjetoTest" name="testRetornarTextoComentarioRelacaoCliente6" time="0"/>
  <testcase classname="com.ideiah.gerenciadorpampatec.model.ComentarioProjetoTest" name="testRetornarTextoComentarioAtividadesChave4" time="0"/>
  <testcase classname="com.ideiah.gerenciadorpampatec.model.ComentarioProjetoTest" name="testRetornarTextoComentarioAtividadesChave6" time="0"/>
  <testcase classname="com.ideiah.gerenciadorpampatec.model.ComentarioProjetoTest" name="testRetornarTextoComentarioCanais5" time="0"/>
  <testcase classname="com.ideiah.gerenciadorpampatec.model.ComentarioProjetoTest" name="testRetornarTextoComentarioPropostavalor5" time="0"/>
  <testcase classname="com.ideiah.gerenciadorpampatec.model.ComentarioProjetoTest" name="testRetornarTextoComentarioRelacaoCliente5" time="0"/>
  <testcase classname="com.ideiah.gerenciadorpampatec.model.ComentarioProjetoTest" name="testRetornarTextoComentarioRelacaoCliente3" time="0"/>
  <testcase classname="com.ideiah.gerenciadorpampatec.model.ComentarioProjetoTest" name="testRetornarTextoComentarioParceriasChave4" time="0"/>
  <testcase classname="com.ideiah.gerenciadorpampatec.model.ComentarioProjetoTest" name="testRetornarTextoComentarioAtividadesChave2" time="0"/>
  <testcase classname="com.ideiah.gerenciadorpampatec.model.ComentarioProjetoTest" name="testRetornarTextoComentarioAtividadesChave5" time="0"/>
  <testcase classname="com.ideiah.gerenciadorpampatec.model.ComentarioProjetoTest" name="testRetornarTextoComentarioCanais3" time="0"/>
  <testcase classname="com.ideiah.gerenciadorpampatec.model.ComentarioProjetoTest" name="testRetornarTextoComentarioDificuldades2" time="0"/>
  <testcase classname="com.ideiah.gerenciadorpampatec.model.ComentarioProjetoTest" name="testRetornarTextoComentarioPotencialInovacao5" time="0"/>
  <testcase classname="com.ideiah.gerenciadorpampatec.model.ComentarioProjetoTest" name="testRetornarTextoComentarioInfraEstrutura4" time="0"/>
  <testcase classname="com.ideiah.gerenciadorpampatec.model.ComentarioProjetoTest" name="testRetornarTextoComentarioTecnologiaProcessos6" time="0"/>
  <testcase classname="com.ideiah.gerenciadorpampatec.model.ComentarioProjetoTest" name="testRetornarTextoComentarioPotencialInovacao3" time="0"/>
  <testcase classname="com.ideiah.gerenciadorpampatec.model.ComentarioProjetoTest" name="testRetornarTextoComentarioInteracaoEmpresa5" time="0"/>
  <testcase classname="com.ideiah.gerenciadorpampatec.model.ComentarioProjetoTest" name="testRetornarTextoComentarioFontesReceita3" time="0"/>
  <testcase classname="com.ideiah.gerenciadorpampatec.model.ComentarioProjetoTest" name="testRetornarTextoComentarioFontesReceita5" time="0"/>
  <testcase classname="com.ideiah.gerenciadorpampatec.model.ComentarioProjetoTest" name="testRetornarTextoComentarioFontesReceita6" time="0"/>
  <testcase classname="com.ideiah.gerenciadorpampatec.model.ComentarioProjetoTest" name="testRetornarTextoComentarioEstagioEvolucao6" time="0"/>
  <testcase classname="com.ideiah.gerenciadorpampatec.model.ComentarioProjetoTest" name="testRetornarTextoComentarioDificuldades6" time="0"/>
  <testcase classname="com.ideiah.gerenciadorpampatec.model.ComentarioProjetoTest" name="testRetornarTextoComentarioTecnologiaProcessos4" time="0"/>
  <testcase classname="com.ideiah.gerenciadorpampatec.model.ComentarioProjetoTest" name="testRetornarTextoComentarioFontesReceita4" time="0"/>
  <testcase classname="com.ideiah.gerenciadorpampatec.model.ComentarioProjetoTest" name="testRetornarTextoComentarioFontesReceita2" time="0"/>
  <testcase classname="com.ideiah.gerenciadorpampatec.model.ComentarioProjetoTest" name="testRetornarTextoComentarioAplicacoes6" time="0"/>
  <testcase classname="com.ideiah.gerenciadorpampatec.model.ComentarioProjetoTest" name="testRetornarTextoComentarioTecnologiaProcessos2" time="0"/>
  <testcase classname="com.ideiah.gerenciadorpampatec.model.ComentarioProjetoTest" name="testRetornarTextoComentarioAplicacoes3" time="0"/>
  <testcase classname="com.ideiah.gerenciadorpampatec.model.ComentarioProjetoTest" name="testRetornarTextoComentarioInteracaoEmpresa2" time="0.001"/>
  <testcase classname="com.ideiah.gerenciadorpampatec.model.ComentarioProjetoTest" name="testRetornarTextoComentarioDificuldades3" time="0"/>
  <testcase classname="com.ideiah.gerenciadorpampatec.model.ComentarioProjetoTest" name="testRetornarTextoComentarioPotencialEmprego3" time="0"/>
  <testcase classname="com.ideiah.gerenciadorpampatec.model.ComentarioProjetoTest" name="testRetornarTextoComentarioDificuldades5" time="0"/>
  <testcase classname="com.ideiah.gerenciadorpampatec.model.ComentarioProjetoTest" name="testRetornarTextoComentarioDificuldades4" time="0"/>
  <testcase classname="com.ideiah.gerenciadorpampatec.model.ComentarioProjetoTest" name="testRetornarTextoComentarioInfraEstrutura5" time="0"/>
  <testcase classname="com.ideiah.gerenciadorpampatec.model.ComentarioProjetoTest" name="testRetornarTextoComentarioEstruturaCustos2" time="0"/>
  <testcase classname="com.ideiah.gerenciadorpampatec.model.ComentarioProjetoTest" name="testRetornarTextoComentarioEstruturaCustos3" time="0"/>
  <testcase classname="com.ideiah.gerenciadorpampatec.model.ComentarioProjetoTest" name="testRetornarTextoComentarioPotencialEmprego6" time="0"/>
  <testcase classname="com.ideiah.gerenciadorpampatec.model.ComentarioProjetoTest" name="testRetornarTextoComentarioAplicacoes2" time="0"/>
  <testcase classname="com.ideiah.gerenciadorpampatec.model.ComentarioProjetoTest" name="testRetornarTextoComentarioInfraEstrutura3" time="0"/>
  <testcase classname="com.ideiah.gerenciadorpampatec.model.ComentarioProjetoTest" name="testRetornarTextoComentarioInfraEstrutura6" time="0"/>
  <testcase classname="com.ideiah.gerenciadorpampatec.model.ComentarioProjetoTest" name="testRetornarTextoComentarioEstruturaCustos4" time="0"/>
  <testcase classname="com.ideiah.gerenciadorpampatec.model.ComentarioProjetoTest" name="testRetornarTextoComentarioPotencialInovacao4" time="0"/>
  <testcase classname="com.ideiah.gerenciadorpampatec.model.ComentarioProjetoTest" name="testRetornarTextoComentarioInteracaoEmpresa3" time="0"/>
  <testcase classname="com.ideiah.gerenciadorpampatec.model.ComentarioProjetoTest" name="testRetornarTextoComentarioInteracaoEmpresa4" time="0"/>
  <testcase classname="com.ideiah.gerenciadorpampatec.model.ComentarioProjetoTest" name="testRetornarTextoComentarioInteracaoEmpresa6" time="0"/>
  <testcase classname="com.ideiah.gerenciadorpampatec.model.ComentarioProjetoTest" name="testRetornarTextoComentarioTecnologiaProcessos5" time="0"/>
  <testcase classname="com.ideiah.gerenciadorpampatec.model.ComentarioProjetoTest" name="testRetornarTextoComentarioPotencialInovacao2" time="0"/>
  <testcase classname="com.ideiah.gerenciadorpampatec.model.ComentarioProjetoTest" name="testRetornarTextoComentarioAplicacoes5" time="0"/>
  <testcase classname="com.ideiah.gerenciadorpampatec.model.ComentarioProjetoTest" name="testRetornarTextoComentarioInfraEstrutura2" time="0"/>
  <testcase classname="com.ideiah.gerenciadorpampatec.model.ComentarioProjetoTest" name="testRetornarTextoComentarioTecnologiaProcessos3" time="0"/>
  <testcase classname="com.ideiah.gerenciadorpampatec.model.ComentarioProjetoTest" name="testRetornarTextoComentarioPotencialInovacao6" time="0"/>
  <testcase classname="com.ideiah.gerenciadorpampatec.model.ComentarioProjetoTest" name="testRetornarTextoComentarioPotencialEmprego2" time="0"/>
  <testcase classname="com.ideiah.gerenciadorpampatec.model.ComentarioProjetoTest" name="testRetornarTextoComentarioAplicacoes4" time="0"/>
  <testcase classname="com.ideiah.gerenciadorpampatec.model.ComentarioProjetoTest" name="testRetornarTextoComentarioPotencialEmprego4" time="0"/>
  <testcase classname="com.ideiah.gerenciadorpampatec.model.ComentarioProjetoTest" name="testRetornarTextoComentarioPotencialEmprego5" time="0"/>
  <testcase classname="com.ideiah.gerenciadorpampatec.model.ComentarioProjetoTest" name="testRetornarTextoComentarioInteracaoEmpresaUniversidade3" time="0"/>
  <testcase classname="com.ideiah.gerenciadorpampatec.model.ComentarioProjetoTest" name="testRetornarTextoComentarioInteracaoEmpresaUniversidade5" time="0"/>
  <testcase classname="com.ideiah.gerenciadorpampatec.model.ComentarioProjetoTest" name="testRetornarTextoComentarioInteracaoEmpresaUniversidade6" time="0"/>
  <testcase classname="com.ideiah.gerenciadorpampatec.model.ComentarioProjetoTest" name="testRetornarTextoComentarioParticipacaoAcionaria4" time="0"/>
  <testcase classname="com.ideiah.gerenciadorpampatec.model.ComentarioProjetoTest" name="testRetornarTextoComentarioParticipacaoAcionaria5" time="0"/>
  <testcase classname="com.ideiah.gerenciadorpampatec.model.ComentarioProjetoTest" name="testRetornarTextoComentarioParticipacaoAcionaria6" time="0"/>
  <testcase classname="com.ideiah.gerenciadorpampatec.model.ComentarioProjetoTest" name="testRetornarTextoComentarioParticipacaoAcionaria3" time="0"/>
  <testcase classname="com.ideiah.gerenciadorpampatec.model.ComentarioProjetoTest" name="testRetornarTextoComentarioInteracaoEmpresaUniversidade2" time="0"/>
  <testcase classname="com.ideiah.gerenciadorpampatec.model.ComentarioProjetoTest" name="testRetornarTextoComentarioInteracaoEmpresaUniversidade4" time="0"/>
  <testcase classname="com.ideiah.gerenciadorpampatec.model.ComentarioProjetoTest" name="testRetornarTextoComentarioParticipacaoAcionaria2" time="0"/>
  <testcase classname="com.ideiah.gerenciadorpampatec.model.ComentarioProjetoTest" name="testSetEstagioEvolucao" time="0"/>
  <testcase classname="com.ideiah.gerenciadorpampatec.model.ComentarioProjetoTest" name="testGetEstagioEvolucao" time="0"/>
  <testcase classname="com.ideiah.gerenciadorpampatec.model.ComentarioProjetoTest" name="testSetConcorrentes" time="0"/>
  <testcase classname="com.ideiah.gerenciadorpampatec.model.ComentarioProjetoTest" name="testSetRecursosPrincipais" time="0"/>
  <testcase classname="com.ideiah.gerenciadorpampatec.model.ComentarioProjetoTest" name="testGetRecursosPrincipais" time="0"/>
  <testcase classname="com.ideiah.gerenciadorpampatec.model.ComentarioProjetoTest" name="testGetConcorrentes" time="0"/>
  <testcase classname="com.ideiah.gerenciadorpampatec.model.ComentarioProjetoTest" name="testConstrutorComentarioProjeto" time="0"/>
  <testcase classname="com.ideiah.gerenciadorpampatec.model.ComentarioProjetoTest" name="testPopulandoVariaveisComentario" time="0"/>
  <testcase classname="com.ideiah.gerenciadorpampatec.model.ComentarioProjetoTest" name="testRetornarTextoComentario4" time="0"/>
  <testcase classname="com.ideiah.gerenciadorpampatec.model.ComentarioProjetoTest" name="testRetornarTextoComentario2" time="0"/>
  <testcase classname="com.ideiah.gerenciadorpampatec.model.ComentarioProjetoTest" name="testRetornarPropostaValor" time="0"/>
  <testcase classname="com.ideiah.gerenciadorpampatec.model.ComentarioProjetoTest" name="testRetornarAtividadesChave" time="0"/>
  <testcase classname="com.ideiah.gerenciadorpampatec.model.ComentarioProjetoTest" name="testRetornaTextoComentario" time="0"/>
  <testcase classname="com.ideiah.gerenciadorpampatec.model.ComentarioProjetoTest" name="testTodasConsideracoes" time="0"/>
  <testcase classname="com.ideiah.gerenciadorpampatec.model.ComentarioProjetoTest" name="testRetornarConcorrentes" time="0"/>
  <testcase classname="com.ideiah.gerenciadorpampatec.model.ComentarioProjetoTest" name="testSetIdcomentario" time="0"/>
  <testcase classname="com.ideiah.gerenciadorpampatec.model.ComentarioProjetoTest" name="testRetornarParceriasChave" time="0"/>
  <testcase classname="com.ideiah.gerenciadorpampatec.model.ComentarioProjetoTest" name="testSetParticipacaoacionaria" time="0"/>
  <testcase classname="com.ideiah.gerenciadorpampatec.model.ComentarioProjetoTest" name="testRetornarAplicacoes" time="0"/>
  <testcase classname="com.ideiah.gerenciadorpampatec.model.ComentarioProjetoTest" name="testRetornarTextoComentario" time="0"/>
  <testcase classname="com.ideiah.gerenciadorpampatec.model.ComentarioProjetoTest" name="testRetornarSegmentosClientes" time="0"/>
  <testcase classname="com.ideiah.gerenciadorpampatec.model.ComentarioProjetoTest" name="testRetornarEstagioEvolucao" time="0"/>
  <testcase classname="com.ideiah.gerenciadorpampatec.model.ComentarioProjetoTest" name="testGetPotencialemprego" time="0"/>
  <testcase classname="com.ideiah.gerenciadorpampatec.model.ComentarioProjetoTest" name="testGetStatusString" time="0"/>
  <testcase classname="com.ideiah.gerenciadorpampatec.model.ComentarioProjetoTest" name="testGetSegmentosClientes" time="0"/>
  <testcase classname="com.ideiah.gerenciadorpampatec.model.ComentarioProjetoTest" name="testGetRelacionamentoCliente" time="0"/>
  <testcase classname="com.ideiah.gerenciadorpampatec.model.ComentarioProjetoTest" name="testSetRelacionamentoCliente" time="0"/>
  <testcase classname="com.ideiah.gerenciadorpampatec.model.ComentarioProjetoTest" name="testConstrutorComentarioProjeto2" time="0"/>
  <testcase classname="com.ideiah.gerenciadorpampatec.model.ComentarioProjetoTest" name="testRetornarTextoComentario3" time="0"/>
  <testcase classname="com.ideiah.gerenciadorpampatec.model.ComentarioProjetoTest" name="testRetornarEstruturaCustos" time="0"/>
  <testcase classname="com.ideiah.gerenciadorpampatec.model.ComentarioProjetoTest" name="testSetPropostaValor" time="0"/>
  <testcase classname="com.ideiah.gerenciadorpampatec.model.ComentarioProjetoTest" name="testRetornarInfraEstrutura" time="0"/>
  <testcase classname="com.ideiah.gerenciadorpampatec.model.ComentarioProjetoTest" name="testRetornarCustosFixos" time="0"/>
  <testcase classname="com.ideiah.gerenciadorpampatec.model.ComentarioProjetoTest" name="testSetAtividadeChave" time="0"/>
  <testcase classname="com.ideiah.gerenciadorpampatec.model.ComentarioProjetoTest" name="testSetPotencialemprego" time="0"/>
  <testcase classname="com.ideiah.gerenciadorpampatec.model.ComentarioProjetoTest" name="testGetParceriasChave" time="0"/>
  <testcase classname="com.ideiah.gerenciadorpampatec.model.ComentarioProjetoTest" name="testGetAtividadeChave" time="0"/>
  <testcase classname="com.ideiah.gerenciadorpampatec.model.ComentarioProjetoTest" name="testRetornarRecursosPrincipais" time="0"/>
  <testcase classname="com.ideiah.gerenciadorpampatec.model.ComentarioProjetoTest" name="testRetornarTextoComentario5" time="0"/>
  <testcase classname="com.ideiah.gerenciadorpampatec.model.ComentarioProjetoTest" name="testRetornarCanais" time="0"/>
  <testcase classname="com.ideiah.gerenciadorpampatec.model.ComentarioProjetoTest" name="testRetornarPotencialEmprego" time="0"/>
  <testcase classname="com.ideiah.gerenciadorpampatec.model.ComentarioProjetoTest" name="testRetornarInvestimentoInicial" time="0"/>
  <testcase classname="com.ideiah.gerenciadorpampatec.model.ComentarioProjetoTest" name="testRetornarTecnologiaProcesso" time="0"/>
  <testcase classname="com.ideiah.gerenciadorpampatec.model.ComentarioProjetoTest" name="testSetTextocomentarios" time="0"/>
  <testcase classname="com.ideiah.gerenciadorpampatec.model.ComentarioProjetoTest" name="testAtualizarTextoComentario" time="0"/>
  <testcase classname="com.ideiah.gerenciadorpampatec.model.ComentarioProjetoTest" name="testRetornarCustosVariaveis" time="0"/>
  <testcase classname="com.ideiah.gerenciadorpampatec.model.ComentarioProjetoTest" name="testGetIdcomentario" time="0"/>
  <testcase classname="com.ideiah.gerenciadorpampatec.model.ComentarioProjetoTest" name="testGetTextocomentarios" time="0"/>
  <testcase classname="com.ideiah.gerenciadorpampatec.model.ComentarioProjetoTest" name="testRetornarRelacoesClientes" time="0"/>
  <testcase classname="com.ideiah.gerenciadorpampatec.model.ComentarioProjetoTest" name="testRetornarTextoComentario6" time="0"/>
  <testcase classname="com.ideiah.gerenciadorpampatec.model.ComentarioProjetoTest" name="testGetParticipacaoacionaria" time="0"/>
  <testcase classname="com.ideiah.gerenciadorpampatec.model.ComentarioProjetoTest" name="testRetornarTextoComentario1" time="0"/>
  <testcase classname="com.ideiah.gerenciadorpampatec.model.ComentarioProjetoTest" name="testRetornarFontesReceitas" time="0"/>
  <testcase classname="com.ideiah.gerenciadorpampatec.model.ComentarioProjetoTest" name="testGetConsideracoes" time="0"/>
  <testcase classname="com.ideiah.gerenciadorpampatec.model.ComentarioProjetoTest" name="testVerificaCampos" time="0"/>
  <testcase classname="com.ideiah.gerenciadorpampatec.model.ComentarioProjetoTest" name="testSetSegmentosClientes" time="0"/>
  <testcase classname="com.ideiah.gerenciadorpampatec.model.ComentarioProjetoTest" name="testSetConsideracoes" time="0"/>
  <testcase classname="com.ideiah.gerenciadorpampatec.model.ComentarioProjetoTest" name="testGetPropostaValor" time="0"/>
  <testcase classname="com.ideiah.gerenciadorpampatec.model.ComentarioProjetoTest" name="testGetDificuldadesEsperadas" time="0"/>
  <testcase classname="com.ideiah.gerenciadorpampatec.model.ComentarioProjetoTest" name="testSetCustoVariavel" time="0"/>
  <testcase classname="com.ideiah.gerenciadorpampatec.model.ComentarioProjetoTest" name="testSetPotencialEmprego" time="0"/>
  <testcase classname="com.ideiah.gerenciadorpampatec.model.ComentarioProjetoTest" name="testGetCustoVariavel" time="0"/>
  <testcase classname="com.ideiah.gerenciadorpampatec.model.ComentarioProjetoTest" name="testSetParticipacaoAcionaria" time="0"/>
  <testcase classname="com.ideiah.gerenciadorpampatec.model.ComentarioProjetoTest" name="testGetAplicacoes" time="0"/>
  <testcase classname="com.ideiah.gerenciadorpampatec.model.ComentarioProjetoTest" name="testSetParceriasChave" time="0"/>
  <testcase classname="com.ideiah.gerenciadorpampatec.model.ComentarioProjetoTest" name="testGetParticipacaoAcionaria" time="0"/>
  <testcase classname="com.ideiah.gerenciadorpampatec.model.ComentarioProjetoTest" name="testSetAplicacoes" time="0"/>
  <testcase classname="com.ideiah.gerenciadorpampatec.model.ComentarioProjetoTest" name="testGetInfraestrutura" time="0"/>
  <testcase classname="com.ideiah.gerenciadorpampatec.model.ComentarioProjetoTest" name="testGetFontesReceita" time="0"/>
  <testcase classname="com.ideiah.gerenciadorpampatec.model.ComentarioProjetoTest" name="testGetPotencialEmprego" time="0"/>
  <testcase classname="com.ideiah.gerenciadorpampatec.model.ComentarioProjetoTest" name="testSetFontesReceita" time="0"/>
  <testcase classname="com.ideiah.gerenciadorpampatec.model.ComentarioProjetoTest" name="testSetEstruturaCusto" time="0"/>
  <testcase classname="com.ideiah.gerenciadorpampatec.model.ComentarioProjetoTest" name="testSetTecnologiaProcessos" time="0"/>
  <testcase classname="com.ideiah.gerenciadorpampatec.model.ComentarioProjetoTest" name="testGetTecnologiaProcessos" time="0"/>
  <testcase classname="com.ideiah.gerenciadorpampatec.model.ComentarioProjetoTest" name="testSetDificuldadesEsperadas" time="0"/>
  <testcase classname="com.ideiah.gerenciadorpampatec.model.ComentarioProjetoTest" name="testSetInfraestrutura" time="0"/>
  <testcase classname="com.ideiah.gerenciadorpampatec.model.ComentarioProjetoTest" name="testSetInvestimentoInicial" time="0"/>
  <testcase classname="com.ideiah.gerenciadorpampatec.model.ComentarioProjetoTest" name="testGetEstruturaCusto" time="0"/>
  <testcase classname="com.ideiah.gerenciadorpampatec.model.ComentarioProjetoTest" name="testGetInvestimentoInicial" time="0"/>
  <testcase classname="com.ideiah.gerenciadorpampatec.model.ComentarioProjetoTest" name="testRetornarPotencialInovacaoTecnologia" time="0"/>
  <testcase classname="com.ideiah.gerenciadorpampatec.model.ComentarioProjetoTest" name="testRetornarTextoComentarioEstruturaCustos6" time="0"/>
  <testcase classname="com.ideiah.gerenciadorpampatec.model.ComentarioProjetoTest" name="testSetInteracaoEmpresaUniversidade" time="0"/>
  <testcase classname="com.ideiah.gerenciadorpampatec.model.ComentarioProjetoTest" name="testSetTextoComentario_int_String" time="0"/>
  <testcase classname="com.ideiah.gerenciadorpampatec.model.ComentarioProjetoTest" name="testSetPotencialInovacaoTecnologica" time="0"/>
  <testcase classname="com.ideiah.gerenciadorpampatec.model.ComentarioProjetoTest" name="testSetInteracaoEmpresaComunidadeGoverno" time="0"/>
  <testcase classname="com.ideiah.gerenciadorpampatec.model.ComentarioProjetoTest" name="testRetornarTextoComentarioCustoVariavel3" time="0"/>
  <testcase classname="com.ideiah.gerenciadorpampatec.model.ComentarioProjetoTest" name="testRetornarTextoComentarioInvestimentoInicial3" time="0"/>
  <testcase classname="com.ideiah.gerenciadorpampatec.model.ComentarioProjetoTest" name="testSetTextoComentarioDataSubmissao" time="0.001"/>
  <testcase classname="com.ideiah.gerenciadorpampatec.model.ComentarioProjetoTest" name="testRetornarInteracaoEmpresaUniversidade" time="0"/>
  <testcase classname="com.ideiah.gerenciadorpampatec.model.ComentarioProjetoTest" name="testGetConsideracoesPersonalizadas" time="0"/>
  <testcase classname="com.ideiah.gerenciadorpampatec.model.ComentarioProjetoTest" name="testRetornarTextoComentarioCustoVariavel6" time="0"/>
  <testcase classname="com.ideiah.gerenciadorpampatec.model.ComentarioProjetoTest" name="testRetornarTextoComentarioCustoFixo3" time="0"/>
  <testcase classname="com.ideiah.gerenciadorpampatec.model.ComentarioProjetoTest" name="testRetornarTextoComentarioInvestimentoInicial2" time="0"/>
  <testcase classname="com.ideiah.gerenciadorpampatec.model.ComentarioProjetoTest" name="testRetornarTextoComentarioCustoVariavel2" time="0"/>
  <testcase classname="com.ideiah.gerenciadorpampatec.model.ComentarioProjetoTest" name="testRetornarTextoComentarioCustoFixo2" time="0"/>
  <testcase classname="com.ideiah.gerenciadorpampatec.model.ComentarioProjetoTest" name="testRetornarTextoComentarioCustoVariavel4" time="0"/>
  <testcase classname="com.ideiah.gerenciadorpampatec.model.ComentarioProjetoTest" name="testRetornarTextoComentarioCustoVariavel5" time="0"/>
  <testcase classname="com.ideiah.gerenciadorpampatec.model.ComentarioProjetoTest" name="testRetornarParticipacaoAcionaria" time="0"/>
  <testcase classname="com.ideiah.gerenciadorpampatec.model.ComentarioProjetoTest" name="testSetConsideracoesPersonalizadas" time="0"/>
  <testcase classname="com.ideiah.gerenciadorpampatec.model.ComentarioProjetoTest" name="testRetornarDifilcudadesEsperadas" time="0"/>
  <testcase classname="com.ideiah.gerenciadorpampatec.model.ComentarioProjetoTest" name="testRetornarTextoComentarioCustoFixo5" time="0"/>
  <testcase classname="com.ideiah.gerenciadorpampatec.model.ComentarioProjetoTest" name="testRetornarTextoComentarioInvestimentoInicial5" time="0"/>
  <testcase classname="com.ideiah.gerenciadorpampatec.model.ComentarioProjetoTest" name="testRetornarTextoComentarioCustoFixo4" time="0"/>
  <testcase classname="com.ideiah.gerenciadorpampatec.model.ComentarioProjetoTest" name="testRetornarTextoComentarioCustoFixo6" time="0"/>
  <testcase classname="com.ideiah.gerenciadorpampatec.model.ComentarioProjetoTest" name="testAtualizaTodosOsTextoComentario" time="0"/>
  <testcase classname="com.ideiah.gerenciadorpampatec.model.ComentarioProjetoTest" name="testSetTextoComentario_int_GerenteRelacionamento" time="0"/>
  <testcase classname="com.ideiah.gerenciadorpampatec.model.ComentarioProjetoTest" name="testGetPotencialInovacaoTecnologica" time="0"/>
  <testcase classname="com.ideiah.gerenciadorpampatec.model.ComentarioProjetoTest" name="testGetInteracaoEmpresaComunidadeGoverno" time="0"/>
  <testcase classname="com.ideiah.gerenciadorpampatec.model.ComentarioProjetoTest" name="testSetTextoComentarioDataAlteracao" time="0"/>
  <testcase classname="com.ideiah.gerenciadorpampatec.model.ComentarioProjetoTest" name="testRetornarTextoComentarioInvestimentoInicial6" time="0"/>
  <testcase classname="com.ideiah.gerenciadorpampatec.model.ComentarioProjetoTest" name="testRetornarTextoComentarioInvestimentoInicial4" time="0"/>
  <testcase classname="com.ideiah.gerenciadorpampatec.model.ComentarioProjetoTest" name="testRetornarInteracaoEmpresaComunidadeGoverno" time="0"/>
  <testcase classname="com.ideiah.gerenciadorpampatec.model.ComentarioProjetoTest" name="testGetInteracaoEmpresaUniversidade" time="0"/>
  <testcase classname="com.ideiah.gerenciadorpampatec.model.ComentarioProjetoTest" name="testGetStatus3" time="0"/>
  <testcase classname="com.ideiah.gerenciadorpampatec.model.ComentarioProjetoTest" name="testSetCanais" time="0"/>
  <testcase classname="com.ideiah.gerenciadorpampatec.model.ComentarioProjetoTest" name="testGetCanais" time="0"/>
  <testcase classname="com.ideiah.gerenciadorpampatec.model.ComentarioProjetoTest" name="testSetStatus" time="0"/>
  <testcase classname="com.ideiah.gerenciadorpampatec.model.ComentarioProjetoTest" name="testGetStatus" time="0"/>
  <testcase classname="com.ideiah.gerenciadorpampatec.model.ComentarioProjetoTest" name="testGetStatus2" time="0"/>
  <testcase classname="com.ideiah.gerenciadorpampatec.model.ComentarioProjetoTest" name="testSetCustoFixo" time="0"/>
  <testcase classname="com.ideiah.gerenciadorpampatec.model.ComentarioProjetoTest" name="testGetCustoFixo" time="0"/>
</testsuite>